Log file open, 03/10/20 01:20:11
LogWindows: Failed to load 'aqProf.dll' (GetLastError=126)
LogWindows: File 'aqProf.dll' does not exist
LogWindows: Failed to load 'VtuneApi.dll' (GetLastError=126)
LogWindows: File 'VtuneApi.dll' does not exist
LogWindows: Failed to load 'VtuneApi32e.dll' (GetLastError=126)
LogWindows: File 'VtuneApi32e.dll' does not exist
LogConsoleResponse: Display: Failed to find resolution value strings in scalability ini. Falling back to default.
LogInit: Display: Running engine for game: UnrealSix
LogPlatformFile: Not using cached read wrapper
LogTaskGraph: Started task graph with 5 named threads and 17 total threads with 3 sets of task threads.
LogStats: Stats thread started at 6.600962
LogD3D11RHI: Loaded GFSDK_Aftermath_Lib.x64.dll
LogICUInternationalization: ICU TimeZone Detection - Raw Offset: -5:00, Platform Override: ''
LogPluginManager: Mounting plugin Paper2D
LogPluginManager: Mounting plugin AISupport
LogPluginManager: Mounting plugin LightPropagationVolume
LogPluginManager: Mounting plugin ActorLayerUtilities
LogPluginManager: Mounting plugin AnimationSharing
LogPluginManager: Mounting plugin CLionSourceCodeAccess
LogPluginManager: Mounting plugin CodeLiteSourceCodeAccess
LogPluginManager: Mounting plugin GitSourceControl
LogPluginManager: Mounting plugin KDevelopSourceCodeAccess
LogPluginManager: Mounting plugin NullSourceCodeAccess
LogPluginManager: Mounting plugin PerforceSourceControl
LogPluginManager: Mounting plugin SubversionSourceControl
LogPluginManager: Mounting plugin UObjectPlugin
LogPluginManager: Mounting plugin VisualStudioCodeSourceCodeAccess
LogPluginManager: Mounting plugin VisualStudioSourceCodeAccess
LogPluginManager: Mounting plugin XCodeSourceCodeAccess
LogPluginManager: Mounting plugin AssetManagerEditor
LogPluginManager: Mounting plugin CryptoKeys
LogPluginManager: Mounting plugin CurveEditorTools
LogPluginManager: Mounting plugin DataValidation
LogPluginManager: Mounting plugin FacialAnimation
LogPluginManager: Mounting plugin GameplayTagsEditor
LogPluginManager: Mounting plugin MacGraphicsSwitching
LogPluginManager: Mounting plugin MaterialAnalyzer
LogPluginManager: Mounting plugin MobileLauncherProfileWizard
LogPluginManager: Mounting plugin PluginBrowser
LogPluginManager: Mounting plugin SpeedTreeImporter
LogPluginManager: Mounting plugin DatasmithContent
LogPluginManager: Mounting plugin VariantManagerContent
LogPluginManager: Mounting plugin AlembicImporter
LogPluginManager: Mounting plugin AutomationUtils
LogPluginManager: Mounting plugin BackChannel
LogPluginManager: Mounting plugin CharacterAI
LogPluginManager: Mounting plugin GeometryCache
LogPluginManager: Mounting plugin HTML5Networking
LogPluginManager: Mounting plugin PlatformCrypto
LogPluginManager: Mounting plugin ProxyLODPlugin
LogPluginManager: Mounting plugin SkeletalReduction
LogPluginManager: Mounting plugin MagicLeap
LogPluginManager: Mounting plugin MagicLeapMedia
LogPluginManager: Mounting plugin AndroidMedia
LogPluginManager: Mounting plugin AvfMedia
LogPluginManager: Mounting plugin ImgMedia
LogPluginManager: Mounting plugin MediaCompositing
LogPluginManager: Mounting plugin MediaPlayerEditor
LogPluginManager: Mounting plugin WebMMedia
LogPluginManager: Mounting plugin WmfMedia
LogPluginManager: Mounting plugin TcpMessaging
LogPluginManager: Mounting plugin UdpMessaging
LogPluginManager: Mounting plugin ActorSequence
LogPluginManager: Mounting plugin LevelSequenceEditor
LogPluginManager: Mounting plugin MatineeToLevelSequence
LogPluginManager: Mounting plugin NetcodeUnitTest
LogPluginManager: Mounting plugin NUTUnrealEngine4
LogPluginManager: Mounting plugin OnlineSubsystemGooglePlay
LogPluginManager: Mounting plugin OnlineSubsystemIOS
LogPluginManager: Mounting plugin OnlineSubsystem
LogPluginManager: Mounting plugin OnlineSubsystemNull
LogPluginManager: Mounting plugin OnlineSubsystemUtils
LogPluginManager: Mounting plugin LauncherChunkInstaller
LogPluginManager: Mounting plugin AndroidDeviceProfileSelector
LogPluginManager: Mounting plugin AndroidMoviePlayer
LogPluginManager: Mounting plugin AndroidPermission
LogPluginManager: Mounting plugin AppleImageUtils
LogPluginManager: Mounting plugin AppleMoviePlayer
LogPluginManager: Mounting plugin ArchVisCharacter
LogPluginManager: Mounting plugin AudioCapture
LogPluginManager: Mounting plugin CableComponent
LogPluginManager: Mounting plugin CustomMeshComponent
LogPluginManager: Mounting plugin EditableMesh
LogPluginManager: Mounting plugin ExampleDeviceProfileSelector
LogPluginManager: Mounting plugin GoogleCloudMessaging
LogPluginManager: Mounting plugin IOSDeviceProfileSelector
LogPluginManager: Mounting plugin LinuxDeviceProfileSelector
LogPluginManager: Mounting plugin LocationServicesBPLibrary
LogPluginManager: Mounting plugin MobilePatchingUtils
LogPluginManager: Mounting plugin OculusVR
LogPluginManager: Mounting plugin PhysXVehicles
LogPluginManager: Mounting plugin ProceduralMeshComponent
LogPluginManager: Mounting plugin RuntimePhysXCooking
LogPluginManager: Mounting plugin SignificanceManager
LogPluginManager: Mounting plugin SteamVR
LogPluginManager: Mounting plugin WebMMoviePlayer
LogPluginManager: Mounting plugin WindowsMoviePlayer
LogPluginManager: Mounting plugin ScreenshotTools
LogInit: Using libcurl 7.55.1-DEV
LogInit:  - built for x86_64-pc-win32
LogInit:  - supports SSL with OpenSSL/1.1.1
LogInit:  - supports HTTP deflate (compression) using libz 1.2.8
LogInit:  - other features:
LogInit:      CURL_VERSION_SSL
LogInit:      CURL_VERSION_LIBZ
LogInit:      CURL_VERSION_IPV6
LogInit:      CURL_VERSION_ASYNCHDNS
LogInit:      CURL_VERSION_LARGEFILE
LogInit:      CURL_VERSION_IDN
LogInit:  CurlRequestOptions (configurable via config and command line):
LogInit:  - bVerifyPeer = true  - Libcurl will verify peer certificate
LogInit:  - bUseHttpProxy = false  - Libcurl will NOT use HTTP proxy
LogInit:  - bDontReuseConnections = false  - Libcurl will reuse connections
LogInit:  - MaxHostConnections = 16  - Libcurl will limit the number of connections to a host
LogInit:  - LocalHostAddr = Default
LogInit:  - BufferSize = 65536
LogOnline: OSS: Creating online subsystem instance for: NULL
LogInit: WinSock: version 1.1 (2.2), MaxSocks=32767, MaxUdp=65467
LogInit: Build: ++UE4+Release-4.23-CL-9631420
LogInit: Engine Version: 4.23.1-9631420+++UE4+Release-4.23
LogInit: Compatible Engine Version: 4.23.0-8386587+++UE4+Release-4.23
LogInit: Net CL: 8386587
LogInit: OS: Windows 10 (Release 1909) (), CPU: AMD FX(tm)-6300 Six-Core Processor             , GPU: NVIDIA GeForce GTX 750 Ti
LogInit: Compiled (64-bit): Oct 18 2019 02:07:44
LogInit: Compiled with Visual C++: 19.16.27030.01
LogInit: Build Configuration: Development
LogInit: Branch Name: ++UE4+Release-4.23
LogInit: Command Line: 
LogInit: Base Directory: C:/Program Files/Epic Games/UE_4.23/Engine/Binaries/Win64/
LogInit: Installed Engine Build: 1
LogDevObjectVersion: Number of dev versions registered: 23
LogDevObjectVersion:   Dev-Blueprints (B0D832E4-1F89-4F0D-ACCF-7EB736FD4AA2): 10
LogDevObjectVersion:   Dev-Build (E1C64328-A22C-4D53-A36C-8E866417BD8C): 0
LogDevObjectVersion:   Dev-Core (375EC13C-06E4-48FB-B500-84F0262A717E): 3
LogDevObjectVersion:   Dev-Editor (E4B068ED-F494-42E9-A231-DA0B2E46BB41): 34
LogDevObjectVersion:   Dev-Framework (CFFC743F-43B0-4480-9391-14DF171D2073): 35
LogDevObjectVersion:   Dev-Mobile (B02B49B5-BB20-44E9-A304-32B752E40360): 2
LogDevObjectVersion:   Dev-Networking (A4E4105C-59A1-49B5-A7C5-40C4547EDFEE): 0
LogDevObjectVersion:   Dev-Online (39C831C9-5AE6-47DC-9A44-9C173E1C8E7C): 0
LogDevObjectVersion:   Dev-Physics (78F01B33-EBEA-4F98-B9B4-84EACCB95AA2): 0
LogDevObjectVersion:   Dev-Platform (6631380F-2D4D-43E0-8009-CF276956A95A): 0
LogDevObjectVersion:   Dev-Rendering (12F88B9F-8875-4AFC-A67C-D90C383ABD29): 31
LogDevObjectVersion:   Dev-Sequencer (7B5AE74C-D270-4C10-A958-57980B212A5A): 11
LogDevObjectVersion:   Dev-VR (D7296918-1DD6-4BDD-9DE2-64A83CC13884): 2
LogDevObjectVersion:   Dev-LoadTimes (C2A15278-BFE7-4AFE-6C17-90FF531DF755): 1
LogDevObjectVersion:   Private-Geometry (6EACA3D4-40EC-4CC1-B786-8BED09428FC5): 3
LogDevObjectVersion:   Dev-AnimPhys (29E575DD-E0A3-4627-9D10-D276232CDCEA): 17
LogDevObjectVersion:   Dev-Anim (AF43A65D-7FD3-4947-9873-3E8ED9C1BB05): 2
LogDevObjectVersion:   Dev-ReflectionCapture (6B266CEC-1EC7-4B8F-A30B-E4D90942FC07): 1
LogDevObjectVersion:   Dev-Automation (0DF73D61-A23F-47EA-B727-89E90C41499A): 1
LogDevObjectVersion:   FortniteMain (601D1886-AC64-4F84-AA16-D3DE0DEAC7D6): 27
LogDevObjectVersion:   Dev-Enterprise (9DFFBCD6-494F-0158-E221-12823C92A888): 6
LogDevObjectVersion:   Dev-Niagara (F2AED0AC-9AFE-416F-8664-AA7FFA26D6FC): 1
LogDevObjectVersion:   Dev-Destruction (174F1F0B-B4C6-45A5-B13F-2EE8D0FB917D): 9
LogInit: Presizing for max 16777216 objects, including 0 objects not considered by GC, pre-allocating 0 bytes for permanent pool.
LogInit: Object subsystem initialized
LogConfig: Setting CVar [[con.DebugEarlyDefault:1]]
LogConfig: Setting CVar [[r.setres:1280x720]]
[2020.03.10-05.20.15:577][  0]LogConfig: Setting CVar [[r.VSync:0]]
[2020.03.10-05.20.15:577][  0]LogConfig: Setting CVar [[r.RHICmdBypass:0]]
[2020.03.10-05.20.15:593][  0]LogConfig: Applying CVar settings from Section [/Script/Engine.RendererSettings] File [C:/Users/Ethan Godwin/Desktop/GitHub repository/Unreal6/UnrealSix/Saved/Config/Windows/Engine.ini]
[2020.03.10-05.20.15:593][  0]LogConfig: Setting CVar [[r.GPUCrashDebugging:0]]
[2020.03.10-05.20.15:593][  0]LogConfig: Setting CVar [[r.MobileHDR:1]]
[2020.03.10-05.20.15:593][  0]LogConfig: Setting CVar [[r.Mobile.DisableVertexFog:1]]
[2020.03.10-05.20.15:593][  0]LogConfig: Setting CVar [[r.Shadow.CSM.MaxMobileCascades:2]]
[2020.03.10-05.20.15:593][  0]LogConfig: Setting CVar [[r.MobileMSAA:1]]
[2020.03.10-05.20.15:593][  0]LogConfig: Setting CVar [[r.Mobile.UseLegacyShadingModel:0]]
[2020.03.10-05.20.15:593][  0]LogConfig: Setting CVar [[r.Mobile.UseHWsRGBEncoding:0]]
[2020.03.10-05.20.15:593][  0]LogConfig: Setting CVar [[r.Mobile.AllowDitheredLODTransition:0]]
[2020.03.10-05.20.15:593][  0]LogConfig: Setting CVar [[r.Mobile.AllowSoftwareOcclusion:0]]
[2020.03.10-05.20.15:593][  0]LogConfig: Setting CVar [[r.DiscardUnusedQuality:0]]
[2020.03.10-05.20.15:593][  0]LogConfig: Setting CVar [[r.AllowOcclusionQueries:1]]
[2020.03.10-05.20.15:593][  0]LogConfig: Setting CVar [[r.MinScreenRadiusForLights:0.030000]]
[2020.03.10-05.20.15:593][  0]LogConfig: Setting CVar [[r.MinScreenRadiusForDepthPrepass:0.030000]]
[2020.03.10-05.20.15:593][  0]LogConfig: Setting CVar [[r.MinScreenRadiusForCSMDepth:0.010000]]
[2020.03.10-05.20.15:593][  0]LogConfig: Setting CVar [[r.PrecomputedVisibilityWarning:0]]
[2020.03.10-05.20.15:593][  0]LogConfig: Setting CVar [[r.TextureStreaming:1]]
[2020.03.10-05.20.15:593][  0]LogConfig: Setting CVar [[Compat.UseDXT5NormalMaps:0]]
[2020.03.10-05.20.15:593][  0]LogConfig: Setting CVar [[r.VirtualTextures:0]]
[2020.03.10-05.20.15:593][  0]LogConfig: Setting CVar [[r.VirtualTexturedLightmaps:0]]
[2020.03.10-05.20.15:593][  0]LogConfig: Setting CVar [[r.VT.TileSize:128]]
[2020.03.10-05.20.15:593][  0]LogConfig: Setting CVar [[r.VT.TileBorderSize:4]]
[2020.03.10-05.20.15:593][  0]LogConfig: Setting CVar [[r.vt.FeedbackFactor:16]]
[2020.03.10-05.20.15:593][  0]LogConfig: Setting CVar [[r.VT.EnableCompressZlib:1]]
[2020.03.10-05.20.15:593][  0]LogConfig: Setting CVar [[r.VT.EnableCompressCrunch:0]]
[2020.03.10-05.20.15:593][  0]LogConfig: Setting CVar [[r.ClearCoatNormal:0]]
[2020.03.10-05.20.15:593][  0]LogConfig: Setting CVar [[r.ReflectionCaptureResolution:128]]
[2020.03.10-05.20.15:593][  0]LogConfig: Setting CVar [[r.ReflectionEnvironmentLightmapMixBasedOnRoughness:1]]
[2020.03.10-05.20.15:593][  0]LogConfig: Setting CVar [[r.ForwardShading:0]]
[2020.03.10-05.20.15:593][  0]LogConfig: Setting CVar [[r.VertexFoggingForOpaque:1]]
[2020.03.10-05.20.15:593][  0]LogConfig: Setting CVar [[r.AllowStaticLighting:1]]
[2020.03.10-05.20.15:593][  0]LogConfig: Setting CVar [[r.NormalMapsForStaticLighting:0]]
[2020.03.10-05.20.15:593][  0]LogConfig: Setting CVar [[r.GenerateMeshDistanceFields:0]]
[2020.03.10-05.20.15:593][  0]LogConfig: Setting CVar [[r.DistanceFieldBuild.EightBit:0]]
[2020.03.10-05.20.15:593][  0]LogConfig: Setting CVar [[r.GenerateLandscapeGIData:0]]
[2020.03.10-05.20.15:593][  0]LogConfig: Setting CVar [[r.DistanceFieldBuild.Compress:0]]
[2020.03.10-05.20.15:593][  0]LogConfig: Setting CVar [[r.TessellationAdaptivePixelsPerTriangle:48.000000]]
[2020.03.10-05.20.15:593][  0]LogConfig: Setting CVar [[r.SeparateTranslucency:1]]
[2020.03.10-05.20.15:593][  0]LogConfig: Setting CVar [[r.TranslucentSortPolicy:0]]
[2020.03.10-05.20.15:593][  0]LogConfig: Setting CVar [[r.CustomDepth:1]]
[2020.03.10-05.20.15:593][  0]LogConfig: Setting CVar [[r.CustomDepthTemporalAAJitter:1]]
[2020.03.10-05.20.15:593][  0]LogConfig: Setting CVar [[r.PostProcessing.PropagateAlpha:0]]
[2020.03.10-05.20.15:593][  0]LogConfig: Setting CVar [[r.DefaultFeature.Bloom:1]]
[2020.03.10-05.20.15:593][  0]LogConfig: Setting CVar [[r.DefaultFeature.AmbientOcclusion:1]]
[2020.03.10-05.20.15:593][  0]LogConfig: Setting CVar [[r.DefaultFeature.AmbientOcclusionStaticFraction:1]]
[2020.03.10-05.20.15:594][  0]LogConfig: Setting CVar [[r.DefaultFeature.AutoExposure:0]]
[2020.03.10-05.20.15:594][  0]LogConfig: Setting CVar [[r.DefaultFeature.AutoExposure.Method:0]]
[2020.03.10-05.20.15:594][  0]LogConfig: Setting CVar [[r.DefaultFeature.AutoExposure.ExtendDefaultLuminanceRange:0]]
[2020.03.10-05.20.15:594][  0]LogConfig: Setting CVar [[r.UsePreExposure:1]]
[2020.03.10-05.20.15:594][  0]LogConfig: Setting CVar [[r.EyeAdaptation.EditorOnly:1]]
[2020.03.10-05.20.15:594][  0]LogConfig: Setting CVar [[r.DefaultFeature.MotionBlur:0]]
[2020.03.10-05.20.15:594][  0]LogConfig: Setting CVar [[r.DefaultFeature.LensFlare:0]]
[2020.03.10-05.20.15:594][  0]LogConfig: Setting CVar [[r.TemporalAA.Upsampling:0]]
[2020.03.10-05.20.15:594][  0]LogConfig: Setting CVar [[r.DefaultFeature.AntiAliasing:0]]
[2020.03.10-05.20.15:594][  0]LogConfig: Setting CVar [[r.DefaultFeature.LightUnits:1]]
[2020.03.10-05.20.15:594][  0]LogConfig: Setting CVar [[r.DefaultBackBufferPixelFormat:4]]
[2020.03.10-05.20.15:594][  0]LogConfig: Setting CVar [[r.Shadow.UnbuiltPreviewInGame:1]]
[2020.03.10-05.20.15:594][  0]LogConfig: Setting CVar [[r.StencilForLODDither:0]]
[2020.03.10-05.20.15:594][  0]LogConfig: Setting CVar [[r.EarlyZPass:3]]
[2020.03.10-05.20.15:634][  0]LogConfig: Setting CVar [[r.EarlyZPassOnlyMaterialMasking:0]]
[2020.03.10-05.20.15:634][  0]LogConfig: Setting CVar [[r.DBuffer:1]]
[2020.03.10-05.20.15:634][  0]LogConfig: Setting CVar [[r.ClearSceneMethod:1]]
[2020.03.10-05.20.15:634][  0]LogConfig: Setting CVar [[r.BasePassOutputsVelocity:0]]
[2020.03.10-05.20.15:634][  0]LogConfig: Setting CVar [[r.SelectiveBasePassOutputs:0]]
[2020.03.10-05.20.15:634][  0]LogConfig: Setting CVar [[fx.GPUSimulationTextureSizeX:1024]]
[2020.03.10-05.20.15:634][  0]LogConfig: Setting CVar [[fx.GPUSimulationTextureSizeY:1024]]
[2020.03.10-05.20.15:634][  0]LogConfig: Setting CVar [[r.AllowGlobalClipPlane:0]]
[2020.03.10-05.20.15:634][  0]LogConfig: Setting CVar [[r.GBufferFormat:1]]
[2020.03.10-05.20.15:634][  0]LogConfig: Setting CVar [[r.MorphTarget.Mode:1]]
[2020.03.10-05.20.15:634][  0]LogConfig: Setting CVar [[vr.InstancedStereo:0]]
[2020.03.10-05.20.15:634][  0]LogConfig: Setting CVar [[vr.MultiView:0]]
[2020.03.10-05.20.15:634][  0]LogConfig: Setting CVar [[vr.MobileMultiView:0]]
[2020.03.10-05.20.15:634][  0]LogConfig: Setting CVar [[vr.MobileMultiView.Direct:0]]
[2020.03.10-05.20.15:634][  0]LogConfig: Setting CVar [[vr.RoundRobinOcclusion:0]]
[2020.03.10-05.20.15:634][  0]LogConfig: Setting CVar [[vr.ODSCapture:0]]
[2020.03.10-05.20.15:634][  0]LogConfig: Setting CVar [[r.WireframeCullThreshold:5.000000]]
[2020.03.10-05.20.15:634][  0]LogConfig: Setting CVar [[r.RayTracing:0]]
[2020.03.10-05.20.15:634][  0]LogConfig: Setting CVar [[r.RayTracing.UseTextureLod:0]]
[2020.03.10-05.20.15:634][  0]LogConfig: Setting CVar [[r.SupportStationarySkylight:1]]
[2020.03.10-05.20.15:634][  0]LogConfig: Setting CVar [[r.SupportLowQualityLightmaps:1]]
[2020.03.10-05.20.15:634][  0]LogConfig: Setting CVar [[r.SupportPointLightWholeSceneShadows:1]]
[2020.03.10-05.20.15:634][  0]LogConfig: Setting CVar [[r.SupportAtmosphericFog:1]]
[2020.03.10-05.20.15:634][  0]LogConfig: Setting CVar [[r.SkinCache.CompileShaders:0]]
[2020.03.10-05.20.15:634][  0]LogConfig: Setting CVar [[r.Mobile.EnableStaticAndCSMShadowReceivers:1]]
[2020.03.10-05.20.15:634][  0]LogConfig: Setting CVar [[r.Mobile.EnableMovableLightCSMShaderCulling:1]]
[2020.03.10-05.20.15:634][  0]LogConfig: Setting CVar [[r.Mobile.AllowDistanceFieldShadows:1]]
[2020.03.10-05.20.15:634][  0]LogConfig: Setting CVar [[r.Mobile.AllowMovableDirectionalLights:1]]
[2020.03.10-05.20.15:634][  0]LogConfig: Setting CVar [[r.MobileNumDynamicPointLights:4]]
[2020.03.10-05.20.15:634][  0]LogConfig: Setting CVar [[r.MobileDynamicPointLightsUseStaticBranch:1]]
[2020.03.10-05.20.15:634][  0]LogConfig: Setting CVar [[r.Mobile.EnableMovableSpotlights:0]]
[2020.03.10-05.20.15:634][  0]LogConfig: Setting CVar [[r.SkinCache.SceneMemoryLimitInMB:128.000000]]
[2020.03.10-05.20.15:634][  0]LogConfig: Setting CVar [[r.GPUSkin.Limit2BoneInfluences:0]]
[2020.03.10-05.20.15:634][  0]LogConfig: Setting CVar [[r.SupportDepthOnlyIndexBuffers:1]]
[2020.03.10-05.20.15:634][  0]LogConfig: Setting CVar [[r.SupportReversedIndexBuffers:1]]
[2020.03.10-05.20.15:634][  0]LogConfig: Setting CVar [[r.SupportMaterialLayers:0]]
[2020.03.10-05.20.15:635][  0]LogConfig: Setting CVar [[r.LightPropagationVolume:0]]
[2020.03.10-05.20.15:635][  0]LogConfig: Applying CVar settings from Section [/Script/Engine.RendererOverrideSettings] File [C:/Users/Ethan Godwin/Desktop/GitHub repository/Unreal6/UnrealSix/Saved/Config/Windows/Engine.ini]
[2020.03.10-05.20.15:635][  0]LogConfig: Applying CVar settings from Section [/Script/Engine.StreamingSettings] File [C:/Users/Ethan Godwin/Desktop/GitHub repository/Unreal6/UnrealSix/Saved/Config/Windows/Engine.ini]
[2020.03.10-05.20.15:635][  0]LogConfig: Setting CVar [[s.MinBulkDataSizeForAsyncLoading:131072]]
[2020.03.10-05.20.15:635][  0]LogConfig: Setting CVar [[s.AsyncLoadingThreadEnabled:0]]
[2020.03.10-05.20.15:635][  0]LogConfig: Setting CVar [[s.EventDrivenLoaderEnabled:1]]
[2020.03.10-05.20.15:635][  0]LogConfig: Setting CVar [[s.WarnIfTimeLimitExceeded:0]]
[2020.03.10-05.20.15:635][  0]LogConfig: Setting CVar [[s.TimeLimitExceededMultiplier:1.5]]
[2020.03.10-05.20.15:635][  0]LogConfig: Setting CVar [[s.TimeLimitExceededMinTime:0.005]]
[2020.03.10-05.20.15:635][  0]LogConfig: Setting CVar [[s.UseBackgroundLevelStreaming:1]]
[2020.03.10-05.20.15:635][  0]LogConfig: Setting CVar [[s.PriorityAsyncLoadingExtraTime:15.0]]
[2020.03.10-05.20.15:635][  0]LogConfig: Setting CVar [[s.LevelStreamingActorsUpdateTimeLimit:5.0]]
[2020.03.10-05.20.15:635][  0]LogConfig: Setting CVar [[s.PriorityLevelStreamingActorsUpdateExtraTime:5.0]]
[2020.03.10-05.20.15:635][  0]LogConfig: Setting CVar [[s.LevelStreamingComponentsRegistrationGranularity:10]]
[2020.03.10-05.20.15:635][  0]LogConfig: Setting CVar [[s.UnregisterComponentsTimeLimit:1.0]]
[2020.03.10-05.20.15:635][  0]LogConfig: Setting CVar [[s.LevelStreamingComponentsUnregistrationGranularity:5]]
[2020.03.10-05.20.15:635][  0]LogConfig: Applying CVar settings from Section [/Script/Engine.GarbageCollectionSettings] File [C:/Users/Ethan Godwin/Desktop/GitHub repository/Unreal6/UnrealSix/Saved/Config/Windows/Engine.ini]
[2020.03.10-05.20.15:635][  0]LogConfig: Setting CVar [[gc.MaxObjectsNotConsideredByGC:1]]
[2020.03.10-05.20.15:635][  0]LogConfig: Setting CVar [[gc.SizeOfPermanentObjectPool:0]]
[2020.03.10-05.20.15:635][  0]LogConfig: Setting CVar [[gc.FlushStreamingOnGC:0]]
[2020.03.10-05.20.15:635][  0]LogConfig: Setting CVar [[gc.NumRetriesBeforeForcingGC:10]]
[2020.03.10-05.20.15:635][  0]LogConfig: Setting CVar [[gc.AllowParallelGC:1]]
[2020.03.10-05.20.15:635][  0]LogConfig: Setting CVar [[gc.TimeBetweenPurgingPendingKillObjects:61.1]]
[2020.03.10-05.20.15:635][  0]LogConfig: Setting CVar [[gc.MaxObjectsInEditor:16777216]]
[2020.03.10-05.20.15:635][  0]LogConfig: Setting CVar [[gc.IncrementalBeginDestroyEnabled:1]]
[2020.03.10-05.20.15:635][  0]LogConfig: Setting CVar [[gc.CreateGCClusters:1]]
[2020.03.10-05.20.15:635][  0]LogConfig: Setting CVar [[gc.MinGCClusterSize:5]]
[2020.03.10-05.20.15:635][  0]LogConfig: Setting CVar [[gc.ActorClusteringEnabled:0]]
[2020.03.10-05.20.15:635][  0]LogConfig: Setting CVar [[gc.BlueprintClusteringEnabled:0]]
[2020.03.10-05.20.15:635][  0]LogConfig: Setting CVar [[gc.UseDisregardForGCOnDedicatedServers:0]]
[2020.03.10-05.20.15:635][  0]LogConfig: Applying CVar settings from Section [/Script/Engine.NetworkSettings] File [C:/Users/Ethan Godwin/Desktop/GitHub repository/Unreal6/UnrealSix/Saved/Config/Windows/Engine.ini]
[2020.03.10-05.20.15:635][  0]LogConfig: Applying CVar settings from Section [/Script/UnrealEd.CookerSettings] File [C:/Users/Ethan Godwin/Desktop/GitHub repository/Unreal6/UnrealSix/Saved/Config/Windows/Engine.ini]
[2020.03.10-05.20.15:763][  0]LogConfig: Applying CVar settings from Section [ViewDistanceQuality@3] File [C:/Users/Ethan Godwin/Desktop/GitHub repository/Unreal6/UnrealSix/Saved/Config/Windows/Scalability.ini]
[2020.03.10-05.20.15:763][  0]LogConfig: Setting CVar [[r.SkeletalMeshLODBias:0]]
[2020.03.10-05.20.15:763][  0]LogConfig: Setting CVar [[r.ViewDistanceScale:1.0]]
[2020.03.10-05.20.15:763][  0]LogConfig: Applying CVar settings from Section [AntiAliasingQuality@3] File [C:/Users/Ethan Godwin/Desktop/GitHub repository/Unreal6/UnrealSix/Saved/Config/Windows/Scalability.ini]
[2020.03.10-05.20.15:763][  0]LogConfig: Setting CVar [[r.PostProcessAAQuality:4]]
[2020.03.10-05.20.15:763][  0]LogConfig: Applying CVar settings from Section [ShadowQuality@3] File [C:/Users/Ethan Godwin/Desktop/GitHub repository/Unreal6/UnrealSix/Saved/Config/Windows/Scalability.ini]
[2020.03.10-05.20.15:763][  0]LogConfig: Setting CVar [[r.LightFunctionQuality:1]]
[2020.03.10-05.20.15:763][  0]LogConfig: Setting CVar [[r.ShadowQuality:5]]
[2020.03.10-05.20.15:763][  0]LogConfig: Setting CVar [[r.Shadow.CSM.MaxCascades:10]]
[2020.03.10-05.20.15:764][  0]LogConfig: Setting CVar [[r.Shadow.MaxResolution:2048]]
[2020.03.10-05.20.15:764][  0]LogConfig: Setting CVar [[r.Shadow.MaxCSMResolution:2048]]
[2020.03.10-05.20.15:764][  0]LogConfig: Setting CVar [[r.Shadow.RadiusThreshold:0.01]]
[2020.03.10-05.20.15:764][  0]LogConfig: Setting CVar [[r.Shadow.DistanceScale:1.0]]
[2020.03.10-05.20.15:764][  0]LogConfig: Setting CVar [[r.Shadow.CSM.TransitionScale:1.0]]
[2020.03.10-05.20.15:764][  0]LogConfig: Setting CVar [[r.Shadow.PreShadowResolutionFactor:1.0]]
[2020.03.10-05.20.15:764][  0]LogConfig: Setting CVar [[r.DistanceFieldShadowing:1]]
[2020.03.10-05.20.15:764][  0]LogConfig: Setting CVar [[r.DistanceFieldAO:1]]
[2020.03.10-05.20.15:764][  0]LogConfig: Setting CVar [[r.AOQuality:2]]
[2020.03.10-05.20.15:764][  0]LogConfig: Setting CVar [[r.VolumetricFog:1]]
[2020.03.10-05.20.15:764][  0]LogConfig: Setting CVar [[r.VolumetricFog.GridPixelSize:8]]
[2020.03.10-05.20.15:764][  0]LogConfig: Setting CVar [[r.VolumetricFog.GridSizeZ:128]]
[2020.03.10-05.20.15:764][  0]LogConfig: Setting CVar [[r.VolumetricFog.HistoryMissSupersampleCount:4]]
[2020.03.10-05.20.15:764][  0]LogConfig: Setting CVar [[r.LightMaxDrawDistanceScale:1]]
[2020.03.10-05.20.15:764][  0]LogConfig: Setting CVar [[r.CapsuleShadows:1]]
[2020.03.10-05.20.15:764][  0]LogConfig: Applying CVar settings from Section [PostProcessQuality@3] File [C:/Users/Ethan Godwin/Desktop/GitHub repository/Unreal6/UnrealSix/Saved/Config/Windows/Scalability.ini]
[2020.03.10-05.20.15:764][  0]LogConfig: Setting CVar [[r.MotionBlurQuality:4]]
[2020.03.10-05.20.15:764][  0]LogConfig: Setting CVar [[r.AmbientOcclusionMipLevelFactor:0.4]]
[2020.03.10-05.20.15:764][  0]LogConfig: Setting CVar [[r.AmbientOcclusionMaxQuality:100]]
[2020.03.10-05.20.15:764][  0]LogConfig: Setting CVar [[r.AmbientOcclusionLevels:-1]]
[2020.03.10-05.20.15:764][  0]LogConfig: Setting CVar [[r.AmbientOcclusionRadiusScale:1.0]]
[2020.03.10-05.20.15:764][  0]LogConfig: Setting CVar [[r.DepthOfFieldQuality:2]]
[2020.03.10-05.20.15:764][  0]LogConfig: Setting CVar [[r.RenderTargetPoolMin:400]]
[2020.03.10-05.20.15:764][  0]LogConfig: Setting CVar [[r.LensFlareQuality:2]]
[2020.03.10-05.20.15:764][  0]LogConfig: Setting CVar [[r.SceneColorFringeQuality:1]]
[2020.03.10-05.20.15:764][  0]LogConfig: Setting CVar [[r.EyeAdaptationQuality:2]]
[2020.03.10-05.20.15:764][  0]LogConfig: Setting CVar [[r.BloomQuality:5]]
[2020.03.10-05.20.15:764][  0]LogConfig: Setting CVar [[r.FastBlurThreshold:100]]
[2020.03.10-05.20.15:764][  0]LogConfig: Setting CVar [[r.Upscale.Quality:3]]
[2020.03.10-05.20.15:764][  0]LogConfig: Setting CVar [[r.Tonemapper.GrainQuantization:1]]
[2020.03.10-05.20.15:764][  0]LogConfig: Setting CVar [[r.LightShaftQuality:1]]
[2020.03.10-05.20.15:764][  0]LogConfig: Setting CVar [[r.Filter.SizeScale:1]]
[2020.03.10-05.20.15:764][  0]LogConfig: Setting CVar [[r.Tonemapper.Quality:5]]
[2020.03.10-05.20.15:764][  0]LogConfig: Setting CVar [[r.DOF.Gather.AccumulatorQuality:1        ; higher gathering accumulator quality]]
[2020.03.10-05.20.15:764][  0]LogConfig: Setting CVar [[r.DOF.Gather.PostfilterMethod:1          ; Median3x3 postfilering method]]
[2020.03.10-05.20.15:764][  0]LogConfig: Setting CVar [[r.DOF.Gather.EnableBokehSettings:0       ; no bokeh simulation when gathering]]
[2020.03.10-05.20.15:764][  0]LogConfig: Setting CVar [[r.DOF.Gather.RingCount:4                 ; medium number of samples when gathering]]
[2020.03.10-05.20.15:764][  0]LogConfig: Setting CVar [[r.DOF.Scatter.ForegroundCompositing:1    ; additive foreground scattering]]
[2020.03.10-05.20.15:764][  0]LogConfig: Setting CVar [[r.DOF.Scatter.BackgroundCompositing:2    ; additive background scattering]]
[2020.03.10-05.20.15:764][  0]LogConfig: Setting CVar [[r.DOF.Scatter.EnableBokehSettings:1      ; bokeh simulation when scattering]]
[2020.03.10-05.20.15:764][  0]LogConfig: Setting CVar [[r.DOF.Scatter.MaxSpriteRatio:0.1         ; only a maximum of 10% of scattered bokeh]]
[2020.03.10-05.20.15:764][  0]LogConfig: Setting CVar [[r.DOF.Recombine.Quality:1                ; cheap slight out of focus]]
[2020.03.10-05.20.15:764][  0]LogConfig: Setting CVar [[r.DOF.Recombine.EnableBokehSettings:0    ; no bokeh simulation on slight out of focus]]
[2020.03.10-05.20.15:764][  0]LogConfig: Setting CVar [[r.DOF.TemporalAAQuality:1                ; more stable temporal accumulation]]
[2020.03.10-05.20.15:764][  0]LogConfig: Setting CVar [[r.DOF.Kernel.MaxForegroundRadius:0.025]]
[2020.03.10-05.20.15:765][  0]LogConfig: Setting CVar [[r.DOF.Kernel.MaxBackgroundRadius:0.025]]
[2020.03.10-05.20.15:765][  0]LogConfig: Applying CVar settings from Section [TextureQuality@3] File [C:/Users/Ethan Godwin/Desktop/GitHub repository/Unreal6/UnrealSix/Saved/Config/Windows/Scalability.ini]
[2020.03.10-05.20.15:765][  0]LogConfig: Setting CVar [[r.Streaming.MipBias:0]]
[2020.03.10-05.20.15:765][  0]LogConfig: Setting CVar [[r.Streaming.AmortizeCPUToGPUCopy:0]]
[2020.03.10-05.20.15:765][  0]LogConfig: Setting CVar [[r.Streaming.MaxNumTexturesToStreamPerFrame:0]]
[2020.03.10-05.20.15:765][  0]LogConfig: Setting CVar [[r.Streaming.Boost:1]]
[2020.03.10-05.20.15:765][  0]LogConfig: Setting CVar [[r.MaxAnisotropy:8]]
[2020.03.10-05.20.15:765][  0]LogConfig: Setting CVar [[r.Streaming.LimitPoolSizeToVRAM:0]]
[2020.03.10-05.20.15:765][  0]LogConfig: Setting CVar [[r.Streaming.PoolSize:1000]]
[2020.03.10-05.20.15:765][  0]LogConfig: Setting CVar [[r.Streaming.MaxEffectiveScreenSize:0]]
[2020.03.10-05.20.15:765][  0]LogConfig: Applying CVar settings from Section [EffectsQuality@3] File [C:/Users/Ethan Godwin/Desktop/GitHub repository/Unreal6/UnrealSix/Saved/Config/Windows/Scalability.ini]
[2020.03.10-05.20.15:765][  0]LogConfig: Setting CVar [[r.TranslucencyLightingVolumeDim:64]]
[2020.03.10-05.20.15:765][  0]LogConfig: Setting CVar [[r.RefractionQuality:2]]
[2020.03.10-05.20.15:765][  0]LogConfig: Setting CVar [[r.SSR.Quality:3]]
[2020.03.10-05.20.15:765][  0]LogConfig: Setting CVar [[r.SceneColorFormat:4]]
[2020.03.10-05.20.15:765][  0]LogConfig: Setting CVar [[r.DetailMode:2]]
[2020.03.10-05.20.15:765][  0]LogConfig: Setting CVar [[r.TranslucencyVolumeBlur:1]]
[2020.03.10-05.20.15:765][  0]LogConfig: Setting CVar [[r.MaterialQualityLevel:1 ; High quality]]
[2020.03.10-05.20.15:765][  0]LogConfig: Setting CVar [[r.SSS.Scale:1]]
[2020.03.10-05.20.15:765][  0]LogConfig: Setting CVar [[r.SSS.SampleSet:2]]
[2020.03.10-05.20.15:765][  0]LogConfig: Setting CVar [[r.SSS.Quality:1]]
[2020.03.10-05.20.15:765][  0]LogConfig: Setting CVar [[r.SSS.HalfRes:1]]
[2020.03.10-05.20.15:765][  0]LogConfig: Setting CVar [[r.EmitterSpawnRateScale:1.0]]
[2020.03.10-05.20.15:765][  0]LogConfig: Setting CVar [[r.ParticleLightQuality:2]]
[2020.03.10-05.20.15:765][  0]LogConfig: Applying CVar settings from Section [FoliageQuality@3] File [C:/Users/Ethan Godwin/Desktop/GitHub repository/Unreal6/UnrealSix/Saved/Config/Windows/Scalability.ini]
[2020.03.10-05.20.15:765][  0]LogConfig: Setting CVar [[foliage.DensityScale:1.0]]
[2020.03.10-05.20.15:765][  0]LogConfig: Setting CVar [[grass.DensityScale:1.0]]
[2020.03.10-05.20.15:849][  0]LogInit: Selected Device Profile: [Windows]
[2020.03.10-05.20.15:883][  0]LogInit: Applying CVar settings loaded from the selected device profile: [Windows]
[2020.03.10-05.20.15:976][  0]LogHAL: Display: Platform has ~ 8 GB [8535724032 / 8589934592 / 8], which maps to Default [LargestMinGB=32, LargerMinGB=12, DefaultMinGB=8, SmallerMinGB=6, SmallestMinGB=0)
[2020.03.10-05.20.15:976][  0]LogInit: Going up to parent DeviceProfile []
[2020.03.10-05.20.16:011][  0]LogConfig: Applying CVar settings from Section [ViewDistanceQuality@3] File [C:/Users/Ethan Godwin/Desktop/GitHub repository/Unreal6/UnrealSix/Saved/Config/Windows/Scalability.ini]
[2020.03.10-05.20.16:011][  0]LogConfig: Setting CVar [[r.SkeletalMeshLODBias:0]]
[2020.03.10-05.20.16:011][  0]LogConfig: Setting CVar [[r.ViewDistanceScale:1.0]]
[2020.03.10-05.20.16:011][  0]LogConfig: Applying CVar settings from Section [AntiAliasingQuality@3] File [C:/Users/Ethan Godwin/Desktop/GitHub repository/Unreal6/UnrealSix/Saved/Config/Windows/Scalability.ini]
[2020.03.10-05.20.16:011][  0]LogConfig: Setting CVar [[r.PostProcessAAQuality:4]]
[2020.03.10-05.20.16:011][  0]LogConfig: Applying CVar settings from Section [ShadowQuality@3] File [C:/Users/Ethan Godwin/Desktop/GitHub repository/Unreal6/UnrealSix/Saved/Config/Windows/Scalability.ini]
[2020.03.10-05.20.16:011][  0]LogConfig: Setting CVar [[r.LightFunctionQuality:1]]
[2020.03.10-05.20.16:011][  0]LogConfig: Setting CVar [[r.ShadowQuality:5]]
[2020.03.10-05.20.16:011][  0]LogConfig: Setting CVar [[r.Shadow.CSM.MaxCascades:10]]
[2020.03.10-05.20.16:011][  0]LogConfig: Setting CVar [[r.Shadow.MaxResolution:2048]]
[2020.03.10-05.20.16:011][  0]LogConfig: Setting CVar [[r.Shadow.MaxCSMResolution:2048]]
[2020.03.10-05.20.16:011][  0]LogConfig: Setting CVar [[r.Shadow.RadiusThreshold:0.01]]
[2020.03.10-05.20.16:011][  0]LogConfig: Setting CVar [[r.Shadow.DistanceScale:1.0]]
[2020.03.10-05.20.16:011][  0]LogConfig: Setting CVar [[r.Shadow.CSM.TransitionScale:1.0]]
[2020.03.10-05.20.16:011][  0]LogConfig: Setting CVar [[r.Shadow.PreShadowResolutionFactor:1.0]]
[2020.03.10-05.20.16:011][  0]LogConfig: Setting CVar [[r.DistanceFieldShadowing:1]]
[2020.03.10-05.20.16:011][  0]LogConfig: Setting CVar [[r.DistanceFieldAO:1]]
[2020.03.10-05.20.16:011][  0]LogConfig: Setting CVar [[r.AOQuality:2]]
[2020.03.10-05.20.16:011][  0]LogConfig: Setting CVar [[r.VolumetricFog:1]]
[2020.03.10-05.20.16:011][  0]LogConfig: Setting CVar [[r.VolumetricFog.GridPixelSize:8]]
[2020.03.10-05.20.16:011][  0]LogConfig: Setting CVar [[r.VolumetricFog.GridSizeZ:128]]
[2020.03.10-05.20.16:011][  0]LogConfig: Setting CVar [[r.VolumetricFog.HistoryMissSupersampleCount:4]]
[2020.03.10-05.20.16:011][  0]LogConfig: Setting CVar [[r.LightMaxDrawDistanceScale:1]]
[2020.03.10-05.20.16:011][  0]LogConfig: Setting CVar [[r.CapsuleShadows:1]]
[2020.03.10-05.20.16:011][  0]LogConfig: Applying CVar settings from Section [PostProcessQuality@3] File [C:/Users/Ethan Godwin/Desktop/GitHub repository/Unreal6/UnrealSix/Saved/Config/Windows/Scalability.ini]
[2020.03.10-05.20.16:011][  0]LogConfig: Setting CVar [[r.MotionBlurQuality:4]]
[2020.03.10-05.20.16:011][  0]LogConfig: Setting CVar [[r.AmbientOcclusionMipLevelFactor:0.4]]
[2020.03.10-05.20.16:011][  0]LogConfig: Setting CVar [[r.AmbientOcclusionMaxQuality:100]]
[2020.03.10-05.20.16:011][  0]LogConfig: Setting CVar [[r.AmbientOcclusionLevels:-1]]
[2020.03.10-05.20.16:011][  0]LogConfig: Setting CVar [[r.AmbientOcclusionRadiusScale:1.0]]
[2020.03.10-05.20.16:011][  0]LogConfig: Setting CVar [[r.DepthOfFieldQuality:2]]
[2020.03.10-05.20.16:011][  0]LogConfig: Setting CVar [[r.RenderTargetPoolMin:400]]
[2020.03.10-05.20.16:011][  0]LogConfig: Setting CVar [[r.LensFlareQuality:2]]
[2020.03.10-05.20.16:011][  0]LogConfig: Setting CVar [[r.SceneColorFringeQuality:1]]
[2020.03.10-05.20.16:011][  0]LogConfig: Setting CVar [[r.EyeAdaptationQuality:2]]
[2020.03.10-05.20.16:011][  0]LogConfig: Setting CVar [[r.BloomQuality:5]]
[2020.03.10-05.20.16:011][  0]LogConfig: Setting CVar [[r.FastBlurThreshold:100]]
[2020.03.10-05.20.16:011][  0]LogConfig: Setting CVar [[r.Upscale.Quality:3]]
[2020.03.10-05.20.16:011][  0]LogConfig: Setting CVar [[r.Tonemapper.GrainQuantization:1]]
[2020.03.10-05.20.16:011][  0]LogConfig: Setting CVar [[r.LightShaftQuality:1]]
[2020.03.10-05.20.16:011][  0]LogConfig: Setting CVar [[r.Filter.SizeScale:1]]
[2020.03.10-05.20.16:011][  0]LogConfig: Setting CVar [[r.Tonemapper.Quality:5]]
[2020.03.10-05.20.16:011][  0]LogConfig: Setting CVar [[r.DOF.Gather.AccumulatorQuality:1        ; higher gathering accumulator quality]]
[2020.03.10-05.20.16:012][  0]LogConfig: Setting CVar [[r.DOF.Gather.PostfilterMethod:1          ; Median3x3 postfilering method]]
[2020.03.10-05.20.16:012][  0]LogConfig: Setting CVar [[r.DOF.Gather.EnableBokehSettings:0       ; no bokeh simulation when gathering]]
[2020.03.10-05.20.16:012][  0]LogConfig: Setting CVar [[r.DOF.Gather.RingCount:4                 ; medium number of samples when gathering]]
[2020.03.10-05.20.16:012][  0]LogConfig: Setting CVar [[r.DOF.Scatter.ForegroundCompositing:1    ; additive foreground scattering]]
[2020.03.10-05.20.16:012][  0]LogConfig: Setting CVar [[r.DOF.Scatter.BackgroundCompositing:2    ; additive background scattering]]
[2020.03.10-05.20.16:012][  0]LogConfig: Setting CVar [[r.DOF.Scatter.EnableBokehSettings:1      ; bokeh simulation when scattering]]
[2020.03.10-05.20.16:012][  0]LogConfig: Setting CVar [[r.DOF.Scatter.MaxSpriteRatio:0.1         ; only a maximum of 10% of scattered bokeh]]
[2020.03.10-05.20.16:012][  0]LogConfig: Setting CVar [[r.DOF.Recombine.Quality:1                ; cheap slight out of focus]]
[2020.03.10-05.20.16:012][  0]LogConfig: Setting CVar [[r.DOF.Recombine.EnableBokehSettings:0    ; no bokeh simulation on slight out of focus]]
[2020.03.10-05.20.16:012][  0]LogConfig: Setting CVar [[r.DOF.TemporalAAQuality:1                ; more stable temporal accumulation]]
[2020.03.10-05.20.16:012][  0]LogConfig: Setting CVar [[r.DOF.Kernel.MaxForegroundRadius:0.025]]
[2020.03.10-05.20.16:012][  0]LogConfig: Setting CVar [[r.DOF.Kernel.MaxBackgroundRadius:0.025]]
[2020.03.10-05.20.16:012][  0]LogConfig: Applying CVar settings from Section [TextureQuality@3] File [C:/Users/Ethan Godwin/Desktop/GitHub repository/Unreal6/UnrealSix/Saved/Config/Windows/Scalability.ini]
[2020.03.10-05.20.16:012][  0]LogConfig: Setting CVar [[r.Streaming.MipBias:0]]
[2020.03.10-05.20.16:012][  0]LogConfig: Setting CVar [[r.Streaming.AmortizeCPUToGPUCopy:0]]
[2020.03.10-05.20.16:012][  0]LogConfig: Setting CVar [[r.Streaming.MaxNumTexturesToStreamPerFrame:0]]
[2020.03.10-05.20.16:012][  0]LogConfig: Setting CVar [[r.Streaming.Boost:1]]
[2020.03.10-05.20.16:012][  0]LogConfig: Setting CVar [[r.MaxAnisotropy:8]]
[2020.03.10-05.20.16:012][  0]LogConfig: Setting CVar [[r.Streaming.LimitPoolSizeToVRAM:0]]
[2020.03.10-05.20.16:012][  0]LogConfig: Setting CVar [[r.Streaming.PoolSize:1000]]
[2020.03.10-05.20.16:012][  0]LogConfig: Setting CVar [[r.Streaming.MaxEffectiveScreenSize:0]]
[2020.03.10-05.20.16:012][  0]LogConfig: Applying CVar settings from Section [EffectsQuality@3] File [C:/Users/Ethan Godwin/Desktop/GitHub repository/Unreal6/UnrealSix/Saved/Config/Windows/Scalability.ini]
[2020.03.10-05.20.16:012][  0]LogConfig: Setting CVar [[r.TranslucencyLightingVolumeDim:64]]
[2020.03.10-05.20.16:012][  0]LogConfig: Setting CVar [[r.RefractionQuality:2]]
[2020.03.10-05.20.16:012][  0]LogConfig: Setting CVar [[r.SSR.Quality:3]]
[2020.03.10-05.20.16:012][  0]LogConfig: Setting CVar [[r.SceneColorFormat:4]]
[2020.03.10-05.20.16:012][  0]LogConfig: Setting CVar [[r.DetailMode:2]]
[2020.03.10-05.20.16:012][  0]LogConfig: Setting CVar [[r.TranslucencyVolumeBlur:1]]
[2020.03.10-05.20.16:012][  0]LogConfig: Setting CVar [[r.MaterialQualityLevel:1 ; High quality]]
[2020.03.10-05.20.16:012][  0]LogConfig: Setting CVar [[r.SSS.Scale:1]]
[2020.03.10-05.20.16:012][  0]LogConfig: Setting CVar [[r.SSS.SampleSet:2]]
[2020.03.10-05.20.16:012][  0]LogConfig: Setting CVar [[r.SSS.Quality:1]]
[2020.03.10-05.20.16:012][  0]LogConfig: Setting CVar [[r.SSS.HalfRes:1]]
[2020.03.10-05.20.16:012][  0]LogConfig: Setting CVar [[r.EmitterSpawnRateScale:1.0]]
[2020.03.10-05.20.16:012][  0]LogConfig: Setting CVar [[r.ParticleLightQuality:2]]
[2020.03.10-05.20.16:012][  0]LogConfig: Applying CVar settings from Section [FoliageQuality@3] File [C:/Users/Ethan Godwin/Desktop/GitHub repository/Unreal6/UnrealSix/Saved/Config/Windows/Scalability.ini]
[2020.03.10-05.20.16:012][  0]LogConfig: Setting CVar [[foliage.DensityScale:1.0]]
[2020.03.10-05.20.16:012][  0]LogConfig: Setting CVar [[grass.DensityScale:1.0]]
[2020.03.10-05.20.16:012][  0]LogConfig: Applying CVar settings from Section [Startup] File [../../../Engine/Config/ConsoleVariables.ini]
[2020.03.10-05.20.16:083][  0]LogConfig: Setting CVar [[net.UseAdaptiveNetUpdateFrequency:0]]
[2020.03.10-05.20.16:083][  0]LogConfig: Setting CVar [[p.chaos.AllowCreatePhysxBodies:1]]
[2020.03.10-05.20.16:083][  0]LogConfig: Applying CVar settings from Section [ConsoleVariables] File [C:/Users/Ethan Godwin/Desktop/GitHub repository/Unreal6/UnrealSix/Saved/Config/Windows/Engine.ini]
[2020.03.10-05.20.16:121][  0]LogInit: Computer: DESKTOP-J036FL7
[2020.03.10-05.20.16:121][  0]LogInit: User: EthanGodwin
[2020.03.10-05.20.16:121][  0]LogInit: CPU Page size=4096, Cores=3
[2020.03.10-05.20.16:121][  0]LogInit: High frequency timer resolution =10.000000 MHz
[2020.03.10-05.20.16:122][  0]LogMemory: Memory total: Physical=7.9GB (8GB approx)
[2020.03.10-05.20.16:122][  0]LogMemory: Platform Memory Stats for Windows
[2020.03.10-05.20.16:122][  0]LogMemory: Process Physical Memory: 100.86 MB used, 100.86 MB peak
[2020.03.10-05.20.16:122][  0]LogMemory: Process Virtual Memory: 100.50 MB used, 100.50 MB peak
[2020.03.10-05.20.16:122][  0]LogMemory: Physical Memory: 6420.05 MB used,  1720.25 MB free, 8140.30 MB total
[2020.03.10-05.20.16:122][  0]LogMemory: Virtual Memory: 4660.18 MB used,  134213064.00 MB free, 134217728.00 MB total
[2020.03.10-05.20.16:153][  0]LogWindows: WindowsPlatformFeatures enabled
[2020.03.10-05.20.17:629][  0]LogInit: Using OS detected language (en-US).
[2020.03.10-05.20.17:629][  0]LogInit: Using OS detected locale (en-US).
[2020.03.10-05.20.17:807][  0]LogTextLocalizationManager: No specific localization for 'en-US' exists, so the 'en' localization will be used.
[2020.03.10-05.20.18:874][  0]LogInit: Setting process to per monitor DPI aware
[2020.03.10-05.20.19:994][  0]LogSlate: New Slate User Created.  User Index 0, Is Virtual User: 0
[2020.03.10-05.20.19:994][  0]LogSlate: Slate User Registered.  User Index 0, Is Virtual User: 0
[2020.03.10-05.20.29:332][  0]LogHMD: Failed to initialize OpenVR with code 110
[2020.03.10-05.20.29:333][  0]LogD3D11RHI: D3D11 adapters:
[2020.03.10-05.20.30:895][  0]LogD3D11RHI:    0. 'NVIDIA GeForce GTX 750 Ti' (Feature Level 11_0)
[2020.03.10-05.20.30:895][  0]LogD3D11RHI:       2007/0/4070 MB DedicatedVideo/DedicatedSystem/SharedSystem, Outputs:1, VendorId:0x10de
[2020.03.10-05.20.30:945][  0]LogD3D11RHI:    1. 'Microsoft Basic Render Driver' (Feature Level 11_0)
[2020.03.10-05.20.30:945][  0]LogD3D11RHI:       0/0/4070 MB DedicatedVideo/DedicatedSystem/SharedSystem, Outputs:0, VendorId:0x1414
[2020.03.10-05.20.30:945][  0]LogD3D11RHI: Chosen D3D11 Adapter: 0
[2020.03.10-05.20.31:000][  0]LogD3D11RHI: Creating new Direct3DDevice
[2020.03.10-05.20.31:001][  0]LogD3D11RHI:     GPU DeviceId: 0x1380 (for the marketing name, search the web for "GPU Device Id")
[2020.03.10-05.20.31:001][  0]LogWindows: EnumDisplayDevices:
[2020.03.10-05.20.31:001][  0]LogWindows:    0. 'NVIDIA GeForce GTX 750 Ti' (P:1 D:1)
[2020.03.10-05.20.31:002][  0]LogWindows:    1. 'NVIDIA GeForce GTX 750 Ti' (P:0 D:0)
[2020.03.10-05.20.31:002][  0]LogWindows:    2. 'NVIDIA GeForce GTX 750 Ti' (P:0 D:0)
[2020.03.10-05.20.31:002][  0]LogWindows:    3. 'NVIDIA GeForce GTX 750 Ti' (P:0 D:0)
[2020.03.10-05.20.31:003][  0]LogWindows: DebugString: FoundDriverCount:4 
[2020.03.10-05.20.31:003][  0]LogD3D11RHI:     Adapter Name: NVIDIA GeForce GTX 750 Ti
[2020.03.10-05.20.31:003][  0]LogD3D11RHI:   Driver Version: 432.00 (internal:26.21.14.3200, unified:432.00)
[2020.03.10-05.20.31:003][  0]LogD3D11RHI:      Driver Date: 7-24-2019
[2020.03.10-05.20.31:003][  0]LogRHI: Texture pool is 1405 MB (70% of 2007 MB)
[2020.03.10-05.20.31:129][  0]LogD3D11RHI: Async texture creation enabled
[2020.03.10-05.20.31:452][  0]LogD3D11RHI: GPU Timing Frequency: 1000.000000 (Debug: 2 1)
[2020.03.10-05.20.34:237][  0]LogTemp: Display: Module 'AllDesktopTargetPlatform' loaded TargetPlatform 'AllDesktop'
[2020.03.10-05.20.34:267][  0]LogTemp: Display: Module 'MacClientTargetPlatform' loaded TargetPlatform 'MacClient'
[2020.03.10-05.20.34:295][  0]LogTemp: Display: Module 'MacNoEditorTargetPlatform' loaded TargetPlatform 'MacNoEditor'
[2020.03.10-05.20.34:323][  0]LogTemp: Display: Module 'MacServerTargetPlatform' loaded TargetPlatform 'MacServer'
[2020.03.10-05.20.34:374][  0]LogTemp: Display: Module 'MacTargetPlatform' loaded TargetPlatform 'Mac'
[2020.03.10-05.20.34:421][  0]LogTemp: Display: Module 'WindowsClientTargetPlatform' loaded TargetPlatform 'WindowsClient'
[2020.03.10-05.20.34:454][  0]LogTemp: Display: Module 'WindowsNoEditorTargetPlatform' loaded TargetPlatform 'WindowsNoEditor'
[2020.03.10-05.20.34:669][  0]LogTemp: Display: Module 'WindowsServerTargetPlatform' loaded TargetPlatform 'WindowsServer'
[2020.03.10-05.20.34:683][  0]LogTemp: Display: Module 'WindowsTargetPlatform' loaded TargetPlatform 'Windows'
[2020.03.10-05.20.34:814][  0]LogTemp: Display: Module 'AndroidTargetPlatform' loaded TargetPlatform 'Android'
[2020.03.10-05.20.34:814][  0]LogTemp: Display: Module 'AndroidTargetPlatform' loaded TargetPlatform 'Android_ASTC'
[2020.03.10-05.20.34:814][  0]LogTemp: Display: Module 'AndroidTargetPlatform' loaded TargetPlatform 'Android_ATC'
[2020.03.10-05.20.34:814][  0]LogTemp: Display: Module 'AndroidTargetPlatform' loaded TargetPlatform 'Android_DXT'
[2020.03.10-05.20.34:814][  0]LogTemp: Display: Module 'AndroidTargetPlatform' loaded TargetPlatform 'Android_ETC1'
[2020.03.10-05.20.34:814][  0]LogTemp: Display: Module 'AndroidTargetPlatform' loaded TargetPlatform 'Android_ETC1a'
[2020.03.10-05.20.34:814][  0]LogTemp: Display: Module 'AndroidTargetPlatform' loaded TargetPlatform 'Android_ETC2'
[2020.03.10-05.20.34:814][  0]LogTemp: Display: Module 'AndroidTargetPlatform' loaded TargetPlatform 'Android_PVRTC'
[2020.03.10-05.20.34:814][  0]LogTemp: Display: Module 'AndroidTargetPlatform' loaded TargetPlatform 'AndroidClient'
[2020.03.10-05.20.34:814][  0]LogTemp: Display: Module 'AndroidTargetPlatform' loaded TargetPlatform 'Android_ASTCClient'
[2020.03.10-05.20.34:814][  0]LogTemp: Display: Module 'AndroidTargetPlatform' loaded TargetPlatform 'Android_ATCClient'
[2020.03.10-05.20.34:814][  0]LogTemp: Display: Module 'AndroidTargetPlatform' loaded TargetPlatform 'Android_DXTClient'
[2020.03.10-05.20.34:814][  0]LogTemp: Display: Module 'AndroidTargetPlatform' loaded TargetPlatform 'Android_ETC1Client'
[2020.03.10-05.20.34:814][  0]LogTemp: Display: Module 'AndroidTargetPlatform' loaded TargetPlatform 'Android_ETC1aClient'
[2020.03.10-05.20.34:814][  0]LogTemp: Display: Module 'AndroidTargetPlatform' loaded TargetPlatform 'Android_ETC2Client'
[2020.03.10-05.20.34:814][  0]LogTemp: Display: Module 'AndroidTargetPlatform' loaded TargetPlatform 'Android_PVRTCClient'
[2020.03.10-05.20.34:814][  0]LogTemp: Display: Module 'AndroidTargetPlatform' loaded TargetPlatform 'Android_Multi'
[2020.03.10-05.20.34:814][  0]LogTemp: Display: Module 'AndroidTargetPlatform' loaded TargetPlatform 'Android_MultiClient'
[2020.03.10-05.20.34:896][  0]LogTemp: Display: Module 'HTML5TargetPlatform' loaded TargetPlatform 'HTML5'
[2020.03.10-05.20.35:034][  0]LogTemp: Display: Module 'IOSTargetPlatform' loaded TargetPlatform 'IOSClient'
[2020.03.10-05.20.35:034][  0]LogTemp: Display: Module 'IOSTargetPlatform' loaded TargetPlatform 'IOS'
[2020.03.10-05.20.35:073][  0]LogTemp: Display: Module 'TVOSTargetPlatform' loaded TargetPlatform 'TVOSClient'
[2020.03.10-05.20.35:073][  0]LogTemp: Display: Module 'TVOSTargetPlatform' loaded TargetPlatform 'TVOS'
[2020.03.10-05.20.35:097][  0]LogTemp: Display: Module 'LinuxClientTargetPlatform' loaded TargetPlatform 'LinuxClient'
[2020.03.10-05.20.35:154][  0]LogTemp: Display: Module 'LinuxNoEditorTargetPlatform' loaded TargetPlatform 'LinuxNoEditor'
[2020.03.10-05.20.35:191][  0]LogTemp: Display: Module 'LinuxServerTargetPlatform' loaded TargetPlatform 'LinuxServer'
[2020.03.10-05.20.35:237][  0]LogTemp: Display: Module 'LinuxTargetPlatform' loaded TargetPlatform 'Linux'
[2020.03.10-05.20.35:301][  0]LogTemp: Display: Module 'LuminTargetPlatform' loaded TargetPlatform 'Lumin'
[2020.03.10-05.20.35:301][  0]LogTemp: Display: Module 'LuminTargetPlatform' loaded TargetPlatform 'LuminClient'
[2020.03.10-05.20.35:301][  0]LogTargetPlatformManager: Display: Building Assets For Windows
[2020.03.10-05.20.35:499][  0]LogAudioDebug: Display: Lib vorbis DLL was dynamically loaded.
[2020.03.10-05.20.36:432][  0]LogShaderCompilers: Guid format shader working directory is -28 characters bigger than the processId version (../../../../../../Users/Ethan Godwin/Desktop/GitHub repository/Unreal6/UnrealSix/Intermediate/Shaders/WorkingDirectory/12816/).
[2020.03.10-05.20.36:432][  0]LogShaderCompilers: Cleaned the shader compiler working directory 'C:/Users/Ethan Godwin/AppData/Local/Temp/UnrealShaderWorkingDir/0B1FC7F643208DF6E0E45E8A1C75673C/'.
[2020.03.10-05.20.36:469][  0]LogXGEController: Cleaning working directory: C:/Users/Ethan Godwin/AppData/Local/Temp/UnrealXGEWorkingDir/
[2020.03.10-05.20.36:469][  0]LogXGEController: Cannot use XGE Controller as Incredibuild is not installed on this machine.
[2020.03.10-05.20.36:470][  0]LogShaderCompilers: Cannot use XGE Shader Compiler as Incredibuild is not installed on this machine.
[2020.03.10-05.20.36:470][  0]LogShaderCompilers: Display: Using Local Shader Compiler.
[2020.03.10-05.20.44:981][  0]LogDerivedDataCache: Display: Max Cache Size: 512 MB
[2020.03.10-05.20.45:628][  0]LogDerivedDataCache: Loaded boot cache 0.62s 73MB C:/Users/Ethan Godwin/AppData/Local/UnrealEngine/4.23/DerivedDataCache/Boot.ddc.
[2020.03.10-05.20.45:628][  0]LogDerivedDataCache: Display: Loaded Boot cache: C:/Users/Ethan Godwin/AppData/Local/UnrealEngine/4.23/DerivedDataCache/Boot.ddc
[2020.03.10-05.20.45:628][  0]LogDerivedDataCache: FDerivedDataBackendGraph:  Pak pak cache file ../../../../../../Users/Ethan Godwin/Desktop/GitHub repository/Unreal6/UnrealSix/DerivedDataCache/DDC.ddp not found, will not use a pak cache.
[2020.03.10-05.20.45:628][  0]LogDerivedDataCache: Unable to find inner node Pak for hierarchical cache Hierarchy.
[2020.03.10-05.20.45:628][  0]LogDerivedDataCache: FDerivedDataBackendGraph:  CompressedPak pak cache file ../../../../../../Users/Ethan Godwin/Desktop/GitHub repository/Unreal6/UnrealSix/DerivedDataCache/Compressed.ddp not found, will not use a pak cache.
[2020.03.10-05.20.45:628][  0]LogDerivedDataCache: Unable to find inner node CompressedPak for hierarchical cache Hierarchy.
[2020.03.10-05.20.45:786][  0]LogDerivedDataCache: Display: Pak cache opened for reading ../../../Engine/DerivedDataCache/Compressed.ddp.
[2020.03.10-05.20.45:786][  0]LogDerivedDataCache: FDerivedDataBackendGraph:  EnterprisePak pak cache file ../../../Enterprise/DerivedDataCache/Compressed.ddp not found, will not use a pak cache.
[2020.03.10-05.20.45:786][  0]LogDerivedDataCache: Unable to find inner node EnterprisePak for hierarchical cache Hierarchy.
[2020.03.10-05.20.45:789][  0]LogDerivedDataCache: Using Local data cache path C:/Users/Ethan Godwin/AppData/Local/UnrealEngine/Common/DerivedDataCache: Writable
[2020.03.10-05.20.45:789][  0]LogDerivedDataCache: Shared data cache path not found in *engine.ini, will not use an Shared cache.
[2020.03.10-05.20.45:789][  0]LogDerivedDataCache: Unable to find inner node Shared for hierarchical cache Hierarchy.
[2020.03.10-05.20.45:866][  0]LogMaterial: Verifying Global Shaders for PCD3D_SM5
[2020.03.10-05.20.45:999][  0]LogSlate: Using FreeType 2.6.0
[2020.03.10-05.20.46:115][  0]LogSlate: SlateFontServices - WITH_FREETYPE: 1, WITH_HARFBUZZ: 1
[2020.03.10-05.20.48:407][  0]LogAssetRegistry: FAssetRegistry took 0.0073 seconds to start up
[2020.03.10-05.20.56:846][  0]LogInit: Selected Device Profile: [Windows]
[2020.03.10-05.21.00:939][  0]LogMeshReduction: Using QuadricMeshReduction for automatic static mesh reduction
[2020.03.10-05.21.00:939][  0]LogMeshReduction: Using SimplygonMeshReduction for automatic skeletal mesh reduction
[2020.03.10-05.21.00:939][  0]LogMeshReduction: Using ProxyLODMeshReduction for automatic mesh merging
[2020.03.10-05.21.00:939][  0]LogMeshReduction: No distributed automatic mesh merging module available
[2020.03.10-05.21.00:940][  0]LogMeshMerging: No distributed automatic mesh merging module available
[2020.03.10-05.21.01:727][  0]LogNetVersion: UnrealSix 1.0.0, NetCL: 8386587, EngineNetVer: 11, GameNetVer: 0 (Checksum: 3538155569)
[2020.03.10-05.21.10:951][  0]LogPackageLocalizationCache: Processed 12 localized package path(s) for 1 prioritized culture(s) in 0.345631 seconds
[2020.03.10-05.21.11:056][  0]LogUObjectArray: 43444 objects as part of root set at end of initial load.
[2020.03.10-05.21.11:056][  0]LogUObjectAllocator: 7548648 out of 0 bytes used by permanent object pool.
[2020.03.10-05.21.11:056][  0]LogUObjectArray: CloseDisregardForGC: 0/0 objects in disregard for GC pool
[2020.03.10-05.21.59:063][  0]LogTcpMessaging: Initializing TcpMessaging bridge
[2020.03.10-05.21.59:095][  0]LogUdpMessaging: Initializing bridge on interface 0.0.0.0:0 to multicast group 230.0.0.1:6666.
[2020.03.10-05.22.00:020][  0]SourceControl: Source control is disabled
[2020.03.10-05.22.00:046][  0]SourceControl: Source control is disabled
[2020.03.10-05.22.00:252][  0]SourceControl: Source control is disabled
[2020.03.10-05.22.00:286][  0]SourceControl: Source control is disabled
[2020.03.10-05.22.02:176][  0]LogAndroidPermission: UAndroidPermissionCallbackProxy::GetInstance
[2020.03.10-05.22.03:625][  0]LogOcInput: OculusInput pre-init called
[2020.03.10-05.22.03:685][  0]LogWindows: Failed to load 'OVRPlugin.dll' (GetLastError=126)
[2020.03.10-05.22.03:686][  0]LogWindows: File 'OVRPlugin.dll' does not exist
[2020.03.10-05.22.06:487][  0]LogAutomationTest: Warning: Smoke tests took > 2s to run: 2.07s
[2020.03.10-05.22.06:718][  0]LogEngine: Initializing Engine...
[2020.03.10-05.22.06:816][  0]LogHMD: Failed to initialize OpenVR with code 110
[2020.03.10-05.22.07:032][  0]LogStats: UGameplayTagsManager::InitializeManager -  0.049 s
[2020.03.10-05.22.07:985][  0]LogInit: Initializing FReadOnlyCVARCache
[2020.03.10-05.22.09:056][  0]LogAIModule: Creating AISystem for world Untitled
[2020.03.10-05.22.09:623][  0]LogInit: XAudio2 using 'Speakers (Logitech G633 Gaming Headset)' : 2 channels at 48 kHz using 16 bits per sample (channel mask 0x3)
[2020.03.10-05.22.09:833][  0]LogInit: FAudioDevice initialized.
[2020.03.10-05.22.09:841][  0]LogNetVersion: Set ProjectVersion to 1.0.0.0. Version Checksum will be recalculated on next use.
[2020.03.10-05.22.10:039][  0]LogDerivedDataCache: Saved boot cache 0.20s 73MB C:/Users/Ethan Godwin/AppData/Local/UnrealEngine/4.23/DerivedDataCache/Boot.ddc.
[2020.03.10-05.22.10:066][  0]LogInit: Texture streaming: Enabled
[2020.03.10-05.22.10:308][  0]LogEngineSessionManager: EngineSessionManager initialized
[2020.03.10-05.22.10:308][  0]LogEngineSessionManager: EngineSessionManager sent abnormal shutdown report. Type=AbnormalShutdown, SessionId={9FA8F6C8-496C-4EBD-31D5-CBAF3C6A4D2B}
[2020.03.10-05.22.10:308][  0]LogEditorSessionSummary: Verbose: Initializing EditorSessionSummaryWriter for editor session tracking
[2020.03.10-05.22.10:329][  0]LogEditorSessionSummary: EditorSessionSummaryWriter initialized
[2020.03.10-05.22.10:944][  0]LogInit: Transaction tracking system initialized
[2020.03.10-05.22.11:748][  0]BlueprintLog: New page: Editor Load
[2020.03.10-05.22.14:628][  0]LocalizationService: Localization service is disabled
[2020.03.10-05.22.18:996][  0]LogFileCache: Scanning file cache for directory 'C:/Users/Ethan Godwin/Desktop/GitHub repository/Unreal6/UnrealSix/Content/' took 0.02s
[2020.03.10-05.22.18:996][  0]LogCook: Display: Max memory allowance for cook 16384mb min free memory 0mb
[2020.03.10-05.22.18:996][  0]LogCook: Display: Mobile HDR setting 1
[2020.03.10-05.22.31:514][  0]SourceControl: Source control is disabled
[2020.03.10-05.22.32:339][  0]LogSlate: Took 0.046779 seconds to synchronously load lazily loaded font '../../../Engine/Content/Slate/Fonts/Roboto-Regular.ttf' (155K)
[2020.03.10-05.23.04:390][  0]LogSlate: Window 'Restore Packages' being destroyed
[2020.03.10-05.23.04:390][  0]LogWindowsTextInputMethodSystem: Display: IME system now deactivated.
[2020.03.10-05.23.04:530][  0]LogWindowsTextInputMethodSystem: Display: IME system now deactivated.
[2020.03.10-05.23.08:826][  0]LogSlate: Window 'Unable to Check Out From Source Control!' being destroyed
[2020.03.10-05.23.08:827][  0]LogWindowsTextInputMethodSystem: Display: IME system now deactivated.
[2020.03.10-05.23.09:100][  0]LogWindowsTextInputMethodSystem: Display: IME system now deactivated.
[2020.03.10-05.23.09:342][  0]Cmd: MAP LOAD FILE="../../../../../../Users/Ethan Godwin/Desktop/GitHub repository/Unreal6/UnrealSix/Content/FirstPersonBP/Maps/FirstPersonExampleMap.umap" TEMPLATE=0 SHOWPROGRESS=1 FEATURELEVEL=3
[2020.03.10-05.23.12:810][  0]LogSlate: Window 'Message' being destroyed
[2020.03.10-05.23.12:810][  0]LogWindowsTextInputMethodSystem: Display: IME system now deactivated.
[2020.03.10-05.23.12:813][  0]LogWindowsTextInputMethodSystem: Display: IME system now deactivated.
[2020.03.10-05.23.13:370][  0]LightingResults: New page: Lighting Build
[2020.03.10-05.23.13:680][  0]LogWorld: UWorld::CleanupWorld for Untitled, bSessionEnded=true, bCleanupResources=true
[2020.03.10-05.23.13:864][  0]MapCheck: New page: Map Check
[2020.03.10-05.23.13:865][  0]LightingResults: New page: Lighting Build
[2020.03.10-05.23.15:026][  0]LogUObjectHash: Compacting FUObjectHashTables data took   3.92ms
[2020.03.10-05.23.15:220][  0]LogAIModule: Creating AISystem for world Untitled
[2020.03.10-05.23.15:526][  0]LoadErrors: New page: New Map
[2020.03.10-05.23.19:557][  0]LogSlate: Updating window title bar state: overlay mode, drag disabled, window buttons hidden, title bar hidden
[2020.03.10-05.23.19:614][  0]LogSlate: Updating window title bar state: overlay mode, drag disabled, window buttons hidden, title bar hidden
[2020.03.10-05.23.19:647][  0]LogSlate: Updating window title bar state: overlay mode, drag disabled, window buttons hidden, title bar hidden
[2020.03.10-05.23.19:665][  0]LogSlate: Updating window title bar state: overlay mode, drag disabled, window buttons hidden, title bar hidden
[2020.03.10-05.23.20:463][  0]LogCollectionManager: Loaded 0 collections in 0.005263 seconds
[2020.03.10-05.23.21:476][  0]LogFileCache: Scanning file cache for directory 'C:/Users/Ethan Godwin/Desktop/GitHub repository/Unreal6/UnrealSix/Saved/Collections/' took 0.00s
[2020.03.10-05.23.21:476][  0]LogFileCache: Scanning file cache for directory 'C:/Users/Ethan Godwin/Desktop/GitHub repository/Unreal6/UnrealSix/Content/Developers/EthanGodwin/Collections/' took 0.00s
[2020.03.10-05.23.21:476][  0]LogFileCache: Scanning file cache for directory 'C:/Users/Ethan Godwin/Desktop/GitHub repository/Unreal6/UnrealSix/Content/Collections/' took 0.00s
[2020.03.10-05.23.21:476][  0]LogCollectionManager: Rebuilt the GUID cache for 0 collections in 0.000005 seconds
[2020.03.10-05.23.21:630][  0]LogContentBrowser: Native class hierarchy populated in 0.0189 seconds. Added 2863 classes and 680 folders.
[2020.03.10-05.23.22:091][  0]LogContentBrowser: Native class hierarchy updated for 'WidgetCarousel' in 0.0004 seconds. Added 0 classes and 0 folders.
[2020.03.10-05.23.26:441][  0]LogContentBrowser: Native class hierarchy updated for 'AddContentDialog' in 0.0003 seconds. Added 0 classes and 0 folders.
[2020.03.10-05.23.26:885][  0]LogContentBrowser: Native class hierarchy updated for 'SceneOutliner' in 0.0003 seconds. Added 1 classes and 2 folders.
[2020.03.10-05.23.28:523][  0]LogSlate: Took 0.085288 seconds to synchronously load lazily loaded font '../../../Engine/Content/Slate/Fonts/Roboto-Bold.ttf' (160K)
[2020.03.10-05.23.29:174][  0]LogSlate: Took 0.060410 seconds to synchronously load lazily loaded font '../../../Engine/Content/Editor/Slate/Fonts/FontAwesome.ttf' (139K)
[2020.03.10-05.23.30:542][  0]LogRenderer: Reallocating scene render targets to support 1208x572 Format 10 NumSamples 1 (Frame:1).
[2020.03.10-05.23.32:108][  0]LogSlate: FSceneViewport::OnFocusLost() reason 5
[2020.03.10-05.23.32:439][  0]LogSlate: Window 'Tutorials' being destroyed
[2020.03.10-05.23.32:585][  0]LogContentBrowser: Native class hierarchy updated for 'HierarchicalLODOutliner' in 0.0004 seconds. Added 0 classes and 0 folders.
[2020.03.10-05.23.32:585][  0]LogLoad: (Engine Initialization) Total time: 232.75 seconds
[2020.03.10-05.23.32:585][  0]LogLoad: (Engine Initialization) Total Blueprint compile time: 0.00 seconds
[2020.03.10-05.23.33:663][  0]LogContentStreaming: Texture pool size now 1000 MB
[2020.03.10-05.23.47:396][ 27]LogAssetRegistry: Asset discovery search completed in 178.9914 seconds
[2020.03.10-05.23.47:443][ 27]LogCollectionManager: Rebuilt the object cache for 0 collections in 0.007515 seconds (found 0 objects)
[2020.03.10-05.23.47:443][ 27]LogCollectionManager: Fixed up redirectors for 0 collections in 0.007666 seconds (updated 0 objects)
[2020.03.10-05.23.50:939][412]LogSlate: Took 0.035192 seconds to synchronously load lazily loaded font '../../../Engine/Content/Slate/Fonts/Roboto-Light.ttf' (167K)
[2020.03.10-05.23.56:650][775]LogSlate: FSceneViewport::OnFocusLost() reason 0
[2020.03.10-05.23.56:883][783]LogUObjectHash: Compacting FUObjectHashTables data took   2.28ms
[2020.03.10-05.23.57:180][783]LogSlate: Window 'UnrealSix - Unreal Editor' being destroyed
[2020.03.10-05.23.57:182][783]LogWindowsTextInputMethodSystem: Display: IME system now deactivated.
[2020.03.10-05.23.57:818][784]Cmd: QUIT_EDITOR
[2020.03.10-05.23.58:642][784]LogExit: Preparing to exit.
[2020.03.10-05.24.00:271][784]LogDemo: Cleaned up 0 splitscreen connections with owner deletion
[2020.03.10-05.24.00:415][784]LogWorld: UWorld::CleanupWorld for None, bSessionEnded=true, bCleanupResources=true
[2020.03.10-05.24.00:415][784]LogExit: Editor shut down
[2020.03.10-05.24.00:416][784]LogExit: Transaction tracking system shut down
[2020.03.10-05.24.04:011][784]LogExit: Object subsystem successfully closed.
[2020.03.10-05.24.04:775][784]LogShaderCompilers: Display: Shaders left to compile 0
[2020.03.10-05.24.10:480][784]LogModuleManager: Shutting down and abandoning module HierarchicalLODOutliner (668)
[2020.03.10-05.24.10:480][784]LogModuleManager: Shutting down and abandoning module SceneOutliner (666)
[2020.03.10-05.24.10:480][784]LogModuleManager: Shutting down and abandoning module AddContentDialog (664)
[2020.03.10-05.24.10:513][784]LogModuleManager: Shutting down and abandoning module WidgetCarousel (663)
[2020.03.10-05.24.10:514][784]LogModuleManager: Shutting down and abandoning module EditorWidgets (660)
[2020.03.10-05.24.10:514][784]LogModuleManager: Shutting down and abandoning module CollectionManager (658)
[2020.03.10-05.24.10:529][784]LogModuleManager: Shutting down and abandoning module StatsViewer (656)
[2020.03.10-05.24.10:553][784]LogModuleManager: Shutting down and abandoning module VirtualTexturingEditor (654)
[2020.03.10-05.24.10:554][784]LogModuleManager: Shutting down and abandoning module FoliageEdit (652)
[2020.03.10-05.24.10:608][784]LogModuleManager: Shutting down and abandoning module LandscapeEditor (650)
[2020.03.10-05.24.10:719][784]LogModuleManager: Shutting down and abandoning module MeshPaintMode (648)
[2020.03.10-05.24.10:719][784]LogModuleManager: Shutting down and abandoning module SceneDepthPickerMode (646)
[2020.03.10-05.24.10:719][784]LogModuleManager: Shutting down and abandoning module ActorPickerMode (644)
[2020.03.10-05.24.10:719][784]LogModuleManager: Shutting down and abandoning module GeometryMode (642)
[2020.03.10-05.24.10:736][784]LogModuleManager: Shutting down and abandoning module TextureAlignMode (640)
[2020.03.10-05.24.10:736][784]LogModuleManager: Shutting down and abandoning module BspMode (638)
[2020.03.10-05.24.10:736][784]LogModuleManager: Shutting down and abandoning module PIEPreviewDeviceProfileSelector (636)
[2020.03.10-05.24.10:759][784]LogModuleManager: Shutting down and abandoning module SequenceRecorderSections (634)
[2020.03.10-05.24.10:768][784]LogModuleManager: Shutting down and abandoning module AutomationWorker (632)
[2020.03.10-05.24.10:768][784]LogModuleManager: Shutting down and abandoning module OculusMR (630)
[2020.03.10-05.24.10:768][784]LogModuleManager: Shutting down and abandoning module AudioCaptureEditor (628)
[2020.03.10-05.24.10:789][784]LogModuleManager: Shutting down and abandoning module MatineeToLevelSequence (626)
[2020.03.10-05.24.10:825][784]LogModuleManager: Shutting down and abandoning module LevelSequenceEditor (624)
[2020.03.10-05.24.11:036][784]LogModuleManager: Shutting down and abandoning module PlacementMode (623)
[2020.03.10-05.24.11:036][784]LogModuleManager: Shutting down and abandoning module MaterialEditor (622)
[2020.03.10-05.24.11:135][784]LogModuleManager: Shutting down and abandoning module ActorSequenceEditor (618)
[2020.03.10-05.24.11:194][784]LogModuleManager: Shutting down and abandoning module WmfMediaFactory (616)
[2020.03.10-05.24.11:194][784]LogModuleManager: Shutting down and abandoning module WmfMediaEditor (614)
[2020.03.10-05.24.11:194][784]LogModuleManager: Shutting down and abandoning module WebMMediaFactory (612)
[2020.03.10-05.24.11:194][784]LogModuleManager: Shutting down and abandoning module WebMMediaEditor (610)
[2020.03.10-05.24.11:194][784]LogModuleManager: Shutting down and abandoning module WebMMedia (608)
[2020.03.10-05.24.11:211][784]LogModuleManager: Shutting down and abandoning module MediaPlayerEditor (606)
[2020.03.10-05.24.11:232][784]LogModuleManager: Shutting down and abandoning module MediaCompositingEditor (604)
[2020.03.10-05.24.11:260][784]LogModuleManager: Shutting down and abandoning module SequenceRecorder (603)
[2020.03.10-05.24.11:260][784]LogModuleManager: Shutting down and abandoning module OpenExrWrapper (600)
[2020.03.10-05.24.11:260][784]LogModuleManager: Shutting down and abandoning module ImgMediaFactory (598)
[2020.03.10-05.24.11:260][784]LogModuleManager: Shutting down and abandoning module ImgMediaEditor (596)
[2020.03.10-05.24.11:260][784]LogModuleManager: Shutting down and abandoning module AvfMediaFactory (594)
[2020.03.10-05.24.11:260][784]LogModuleManager: Shutting down and abandoning module AvfMediaEditor (592)
[2020.03.10-05.24.11:260][784]LogModuleManager: Shutting down and abandoning module AndroidMediaFactory (590)
[2020.03.10-05.24.11:260][784]LogModuleManager: Shutting down and abandoning module AndroidMediaEditor (588)
[2020.03.10-05.24.11:260][784]LogModuleManager: Shutting down and abandoning module MagicLeapCameraPreviewFactory (586)
[2020.03.10-05.24.11:260][784]LogModuleManager: Shutting down and abandoning module MagicLeapMediaCodecFactory (584)
[2020.03.10-05.24.11:260][784]LogModuleManager: Shutting down and abandoning module MagicLeapMediaFactory (582)
[2020.03.10-05.24.11:260][784]LogModuleManager: Shutting down and abandoning module MagicLeapMediaEditor (580)
[2020.03.10-05.24.11:260][784]LogModuleManager: Shutting down and abandoning module CharacterAI (578)
[2020.03.10-05.24.11:260][784]LogModuleManager: Shutting down and abandoning module SmartSnapping (576)
[2020.03.10-05.24.11:260][784]LogModuleManager: Shutting down and abandoning module SessionServices (574)
[2020.03.10-05.24.11:260][784]LogModuleManager: Shutting down and abandoning module MeshPaint (572)
[2020.03.10-05.24.11:288][784]LogModuleManager: Shutting down and abandoning module ViewportSnapping (570)
[2020.03.10-05.24.11:288][784]LogModuleManager: Shutting down and abandoning module ViewportInteraction (568)
[2020.03.10-05.24.11:313][784]LogModuleManager: Shutting down and abandoning module ClothPainter (566)
[2020.03.10-05.24.11:361][784]LogModuleManager: Shutting down and abandoning module SkeletalMeshEditor (565)
[2020.03.10-05.24.11:427][784]LogModuleManager: Shutting down and abandoning module LogVisualizer (562)
[2020.03.10-05.24.11:491][784]LogModuleManager: Shutting down and abandoning module IntroTutorials (560)
[2020.03.10-05.24.11:525][784]LogModuleManager: Shutting down and abandoning module GameProjectGeneration (559)
[2020.03.10-05.24.11:564][784]LogModuleManager: Shutting down and abandoning module LuminPlatformEditor (556)
[2020.03.10-05.24.11:564][784]LogModuleManager: Shutting down and abandoning module IOSPlatformEditor (554)
[2020.03.10-05.24.11:596][784]LogModuleManager: Shutting down and abandoning module HTML5PlatformEditor (552)
[2020.03.10-05.24.11:597][784]LogModuleManager: Shutting down and abandoning module AndroidPlatformEditor (550)
[2020.03.10-05.24.11:597][784]LogModuleManager: Shutting down and abandoning module AndroidDeviceDetection (549)
[2020.03.10-05.24.12:275][784]LogModuleManager: Shutting down and abandoning module WindowsPlatformEditor (546)
[2020.03.10-05.24.12:275][784]LogModuleManager: Shutting down and abandoning module LuminRuntimeSettings (544)
[2020.03.10-05.24.12:275][784]LogModuleManager: Shutting down and abandoning module IOSRuntimeSettings (542)
[2020.03.10-05.24.12:275][784]LogModuleManager: Shutting down and abandoning module AndroidRuntimeSettings (540)
[2020.03.10-05.24.12:275][784]LogModuleManager: Shutting down and abandoning module TimeManagementEditor (538)
[2020.03.10-05.24.12:275][784]LogModuleManager: Shutting down and abandoning module InputBindingEditor (536)
[2020.03.10-05.24.12:284][784]LogModuleManager: Shutting down and abandoning module MergeActors (534)
[2020.03.10-05.24.12:317][784]LogModuleManager: Shutting down and abandoning module LocalizationDashboard (532)
[2020.03.10-05.24.12:359][784]LogModuleManager: Shutting down and abandoning module LocalizationService (531)
[2020.03.10-05.24.12:367][784]LogModuleManager: Shutting down and abandoning module HardwareTargeting (528)
[2020.03.10-05.24.12:367][784]LogModuleManager: Shutting down and abandoning module DeviceProfileEditor (526)
[2020.03.10-05.24.12:375][784]LogModuleManager: Shutting down and abandoning module UndoHistory (524)
[2020.03.10-05.24.12:394][784]LogModuleManager: Shutting down and abandoning module XmlParser (522)
[2020.03.10-05.24.12:474][784]LogModuleManager: Shutting down and abandoning module Blutility (520)
[2020.03.10-05.24.12:488][784]LogModuleManager: Shutting down and abandoning module ProjectSettingsViewer (518)
[2020.03.10-05.24.12:488][784]LogModuleManager: Shutting down and abandoning module ProjectTargetPlatformEditor (517)
[2020.03.10-05.24.12:488][784]LogModuleManager: Shutting down and abandoning module EditorSettingsViewer (514)
[2020.03.10-05.24.12:488][784]LogModuleManager: Shutting down and abandoning module SettingsEditor (512)
[2020.03.10-05.24.12:547][784]LogModuleManager: Shutting down and abandoning module ProjectLauncher (510)
[2020.03.10-05.24.12:573][784]LogModuleManager: Shutting down and abandoning module SessionFrontend (508)
[2020.03.10-05.24.12:608][784]LogModuleManager: Shutting down and abandoning module ProfilerClient (506)
[2020.03.10-05.24.12:623][784]LogModuleManager: Shutting down and abandoning module DeviceManager (504)
[2020.03.10-05.24.12:649][784]LogModuleManager: Shutting down and abandoning module TargetDeviceServices (503)
[2020.03.10-05.24.12:736][784]LogModuleManager: Shutting down and abandoning module AutomationController (500)
[2020.03.10-05.24.12:748][784]LogModuleManager: Shutting down and abandoning module AutomationWindow (498)
[2020.03.10-05.24.12:794][784]LogModuleManager: Shutting down and abandoning module Layers (496)
[2020.03.10-05.24.12:858][784]LogModuleManager: Shutting down and abandoning module ComponentVisualizers (494)
[2020.03.10-05.24.12:858][784]LogModuleManager: Shutting down and abandoning module DetailCustomizations (492)
[2020.03.10-05.24.12:938][784]LogModuleManager: Shutting down and abandoning module PackagesDialog (490)
[2020.03.10-05.24.12:962][784]LogModuleManager: Shutting down and abandoning module AnimationBlueprintEditor (488)
[2020.03.10-05.24.13:101][784]LogModuleManager: Shutting down and abandoning module Persona (486)
[2020.03.10-05.24.13:182][784]LogModuleManager: Shutting down and abandoning module AdvancedPreviewScene (485)
[2020.03.10-05.24.13:182][784]LogModuleManager: Shutting down and abandoning module AnimGraph (483)
[2020.03.10-05.24.13:182][784]LogModuleManager: Shutting down and abandoning module Kismet (480)
[2020.03.10-05.24.13:420][784]LogModuleManager: Shutting down and abandoning module KismetWidgets (479)
[2020.03.10-05.24.13:449][784]LogModuleManager: Shutting down and abandoning module GraphEditor (476)
[2020.03.10-05.24.13:592][784]LogModuleManager: Shutting down and abandoning module StructViewer (474)
[2020.03.10-05.24.13:592][784]LogModuleManager: Shutting down and abandoning module ClassViewer (472)
[2020.03.10-05.24.13:592][784]LogModuleManager: Shutting down and abandoning module Toolbox (470)
[2020.03.10-05.24.13:592][784]LogModuleManager: Shutting down and abandoning module ModuleUI (468)
[2020.03.10-05.24.13:612][784]LogModuleManager: Shutting down and abandoning module MovieSceneTools (466)
[2020.03.10-05.24.13:689][784]LogModuleManager: Shutting down and abandoning module OutputLog (464)
[2020.03.10-05.24.13:749][784]LogModuleManager: Shutting down and abandoning module GammaUI (462)
[2020.03.10-05.24.13:767][784]LogModuleManager: Shutting down and abandoning module Documentation (460)
[2020.03.10-05.24.13:767][784]LogModuleManager: Shutting down and abandoning module LiveCoding (458)
[2020.03.10-05.24.13:782][784]LogModuleManager: Shutting down and abandoning module LevelSequence (456)
[2020.03.10-05.24.13:782][784]LogModuleManager: Shutting down and abandoning module MovieSceneTracks (454)
[2020.03.10-05.24.13:782][784]LogModuleManager: Shutting down and abandoning module MovieScene (452)
[2020.03.10-05.24.13:815][784]LogModuleManager: Shutting down and abandoning module StreamingPauseRendering (450)
[2020.03.10-05.24.13:830][784]LogModuleManager: Shutting down and abandoning module LauncherPlatform (448)
[2020.03.10-05.24.13:830][784]LogModuleManager: Shutting down and abandoning module AnalyticsET (446)
[2020.03.10-05.24.13:830][784]LogModuleManager: Shutting down and abandoning module PortalServices (444)
[2020.03.10-05.24.13:830][784]LogModuleManager: Shutting down and abandoning module PortalRpc (442)
[2020.03.10-05.24.13:830][784]LogModuleManager: Shutting down and abandoning module MessagingRpc (440)
[2020.03.10-05.24.13:830][784]LogModuleManager: Shutting down and abandoning module AIModule (438)
[2020.03.10-05.24.13:848][784]LogModuleManager: Shutting down and abandoning module GameplayDebugger (437)
[2020.03.10-05.24.13:869][784]LogModuleManager: Shutting down and abandoning module AITestSuite (435)
[2020.03.10-05.24.13:869][784]LogModuleManager: Shutting down and abandoning module NavigationSystem (433)
[2020.03.10-05.24.13:869][784]LogModuleManager: Shutting down and abandoning module DesktopPlatform (430)
[2020.03.10-05.24.13:877][784]LogModuleManager: Shutting down and abandoning module ImageWriteQueue (428)
[2020.03.10-05.24.13:882][784]LogModuleManager: Shutting down and abandoning module ProfilerService (426)
[2020.03.10-05.24.14:021][784]LogModuleManager: Shutting down and abandoning module TaskGraph (424)
[2020.03.10-05.24.14:076][784]LogModuleManager: Shutting down and abandoning module ScreenshotTools (422)
[2020.03.10-05.24.14:076][784]LogModuleManager: Shutting down and abandoning module SteamVRController (420)
[2020.03.10-05.24.14:076][784]LogModuleManager: Shutting down and abandoning module ProceduralMeshComponentEditor (418)
[2020.03.10-05.24.14:076][784]LogModuleManager: Shutting down and abandoning module ProceduralMeshComponent (416)
[2020.03.10-05.24.14:093][784]LogModuleManager: Shutting down and abandoning module OculusEditor (414)
[2020.03.10-05.24.14:093][784]LogModuleManager: Shutting down and abandoning module OculusInput (412)
[2020.03.10-05.24.14:093][784]LogModuleManager: Shutting down and abandoning module MobilePatchingUtils (410)
[2020.03.10-05.24.14:093][784]LogModuleManager: Shutting down and abandoning module EditableMesh (408)
[2020.03.10-05.24.14:101][784]LogModuleManager: Shutting down and abandoning module CustomMeshComponent (406)
[2020.03.10-05.24.14:102][784]LogModuleManager: Shutting down and abandoning module CableComponent (404)
[2020.03.10-05.24.14:102][784]LogModuleManager: Shutting down and abandoning module AudioCapture (402)
[2020.03.10-05.24.14:102][784]LogModuleManager: Shutting down and abandoning module ArchVisCharacter (400)
[2020.03.10-05.24.14:102][784]LogModuleManager: Shutting down and abandoning module AppleImageUtilsBlueprintSupport (398)
[2020.03.10-05.24.14:102][784]LogModuleManager: Shutting down and abandoning module AppleImageUtils (396)
[2020.03.10-05.24.14:102][784]LogModuleManager: Shutting down and abandoning module AndroidPermission (394)
[2020.03.10-05.24.14:102][784]LogModuleManager: Shutting down and abandoning module NUTUnrealEngine4 (392)
[2020.03.10-05.24.14:145][784]LogModuleManager: Shutting down and abandoning module NetcodeUnitTest (390)
[2020.03.10-05.24.14:187][784]LogModuleManager: Shutting down and abandoning module MediaCompositing (388)
[2020.03.10-05.24.14:187][784]LogModuleManager: Shutting down and abandoning module ImgMedia (386)
[2020.03.10-05.24.14:215][784]LogModuleManager: Shutting down and abandoning module MagicLeapHelperVulkan (384)
[2020.03.10-05.24.14:215][784]LogModuleManager: Shutting down and abandoning module MagicLeapHelperOpenGL (382)
[2020.03.10-05.24.14:215][784]LogModuleManager: Shutting down and abandoning module MagicLeapAudio (380)
[2020.03.10-05.24.14:225][784]LogModuleManager: Shutting down and abandoning module HTML5Networking (378)
[2020.03.10-05.24.14:225][784]LogModuleManager: Shutting down and abandoning module GeometryCacheTracks (376)
[2020.03.10-05.24.14:225][784]LogModuleManager: Shutting down and abandoning module GeometryCacheSequencer (374)
[2020.03.10-05.24.14:225][784]LogModuleManager: Shutting down and abandoning module BackChannel (372)
[2020.03.10-05.24.14:248][784]LogModuleManager: Shutting down and abandoning module AutomationUtilsEditor (370)
[2020.03.10-05.24.14:248][784]LogModuleManager: Shutting down and abandoning module AutomationUtils (368)
[2020.03.10-05.24.14:248][784]LogModuleManager: Shutting down and abandoning module AlembicImporter (366)
[2020.03.10-05.24.14:304][784]LogModuleManager: Shutting down and abandoning module AlembicLibrary (365)
[2020.03.10-05.24.14:304][784]LogModuleManager: Shutting down and abandoning module GeometryCache (364)
[2020.03.10-05.24.14:304][784]LogModuleManager: Shutting down and abandoning module GeometryCacheEd (363)
[2020.03.10-05.24.14:304][784]LogModuleManager: Shutting down and abandoning module VariantManagerContent (358)
[2020.03.10-05.24.14:304][784]LogModuleManager: Shutting down and abandoning module DatasmithContentEditor (356)
[2020.03.10-05.24.14:304][784]LogModuleManager: Shutting down and abandoning module SpeedTreeImporter (354)
[2020.03.10-05.24.14:304][784]LogModuleManager: Shutting down and abandoning module PluginBrowser (352)
[2020.03.10-05.24.14:340][784]LogModuleManager: Shutting down and abandoning module MobileLauncherProfileWizard (350)
[2020.03.10-05.24.14:357][784]LogModuleManager: Shutting down and abandoning module MaterialAnalyzer (348)
[2020.03.10-05.24.14:381][784]LogModuleManager: Shutting down and abandoning module CurveEditorTools (346)
[2020.03.10-05.24.14:397][784]LogModuleManager: Shutting down and abandoning module CurveEditor (345)
[2020.03.10-05.24.14:399][784]LogModuleManager: Shutting down and abandoning module CryptoKeysOpenSSL (342)
[2020.03.10-05.24.14:399][784]LogModuleManager: Shutting down and abandoning module CryptoKeys (340)
[2020.03.10-05.24.14:399][784]LogModuleManager: Shutting down and abandoning module VisualStudioSourceCodeAccess (338)
[2020.03.10-05.24.14:448][784]LogModuleManager: Shutting down and abandoning module VisualStudioCodeSourceCodeAccess (336)
[2020.03.10-05.24.14:448][784]LogModuleManager: Shutting down and abandoning module UObjectPlugin (334)
[2020.03.10-05.24.14:448][784]LogModuleManager: Shutting down and abandoning module SubversionSourceControl (332)
[2020.03.10-05.24.14:489][784]LogModuleManager: Shutting down and abandoning module PerforceSourceControl (330)
[2020.03.10-05.24.14:574][784]LogModuleManager: Shutting down and abandoning module GitSourceControl (328)
[2020.03.10-05.24.14:626][784]LogModuleManager: Shutting down and abandoning module SourceControl (327)
[2020.03.10-05.24.14:626][784]LogModuleManager: Shutting down and abandoning module CLionSourceCodeAccess (324)
[2020.03.10-05.24.14:626][784]LogModuleManager: Shutting down and abandoning module AnimationSharingEd (322)
[2020.03.10-05.24.14:626][784]LogModuleManager: Shutting down and abandoning module ActorLayerUtilitiesEditor (320)
[2020.03.10-05.24.14:626][784]LogModuleManager: Shutting down and abandoning module ActorLayerUtilities (318)
[2020.03.10-05.24.14:626][784]LogModuleManager: Shutting down and abandoning module LightPropagationVolumeEditor (316)
[2020.03.10-05.24.14:626][784]LogModuleManager: Shutting down and abandoning module PaperTiledImporter (314)
[2020.03.10-05.24.14:626][784]LogModuleManager: Shutting down and abandoning module PaperSpriteSheetImporter (312)
[2020.03.10-05.24.14:626][784]LogModuleManager: Shutting down and abandoning module Paper2DEditor (310)
[2020.03.10-05.24.14:708][784]LogModuleManager: Shutting down and abandoning module SignificanceManager (308)
[2020.03.10-05.24.14:708][784]LogModuleManager: Shutting down and abandoning module RuntimePhysXCooking (306)
[2020.03.10-05.24.14:708][784]LogModuleManager: Shutting down and abandoning module PhysXVehiclesEditor (304)
[2020.03.10-05.24.14:708][784]LogModuleManager: Shutting down and abandoning module LocationServicesBPLibrary (300)
[2020.03.10-05.24.14:708][784]LogModuleManager: Shutting down and abandoning module ActorSequence (298)
[2020.03.10-05.24.14:708][784]LogModuleManager: Shutting down and abandoning module UdpMessaging (296)
[2020.03.10-05.24.14:809][784]LogModuleManager: Shutting down and abandoning module TcpMessaging (294)
[2020.03.10-05.24.14:943][784]LogModuleManager: Shutting down and abandoning module MagicLeapIdentity (292)
[2020.03.10-05.24.14:943][784]LogModuleManager: Shutting down and abandoning module MagicLeapSecureStorage (290)
[2020.03.10-05.24.14:943][784]LogModuleManager: Shutting down and abandoning module MagicLeapHandTracking (288)
[2020.03.10-05.24.14:962][784]LogModuleManager: Shutting down and abandoning module MagicLeapEyeTracker (286)
[2020.03.10-05.24.14:962][784]LogModuleManager: Shutting down and abandoning module MagicLeapController (284)
[2020.03.10-05.24.14:976][784]LogSlate: Slate User Destroyed.  User Index 0, Is Virtual User: 0
[2020.03.10-05.24.14:976][784]LogModuleManager: Shutting down and abandoning module MagicLeapAR (282)
[2020.03.10-05.24.14:976][784]LogModuleManager: Shutting down and abandoning module AugmentedReality (281)
[2020.03.10-05.24.14:976][784]LogModuleManager: Shutting down and abandoning module GameplayTagsEditor (278)
[2020.03.10-05.24.15:003][784]LogModuleManager: Shutting down and abandoning module FacialAnimationEditor (276)
[2020.03.10-05.24.15:004][784]LogModuleManager: Shutting down and abandoning module FacialAnimation (274)
[2020.03.10-05.24.15:004][784]LogModuleManager: Shutting down and abandoning module DataValidation (272)
[2020.03.10-05.24.15:021][784]LogModuleManager: Shutting down and abandoning module AssetManagerEditor (270)
[2020.03.10-05.24.15:067][784]LogModuleManager: Shutting down and abandoning module LevelEditor (269)
[2020.03.10-05.24.15:176][784]LogModuleManager: Shutting down and abandoning module PixelInspectorModule (268)
[2020.03.10-05.24.15:202][784]LogModuleManager: Shutting down and abandoning module CommonMenuExtensions (266)
[2020.03.10-05.24.15:202][784]LogModuleManager: Shutting down and abandoning module MainFrame (264)
[2020.03.10-05.24.15:202][784]LogModuleManager: Shutting down and abandoning module HotReload (263)
[2020.03.10-05.24.15:210][784]LogModuleManager: Shutting down and abandoning module ContentBrowser (259)
[2020.03.10-05.24.15:211][784]LogModuleManager: Shutting down and abandoning module TreeMap (257)
[2020.03.10-05.24.15:220][784]LogModuleManager: Shutting down and abandoning module AnimationSharing (254)
[2020.03.10-05.24.15:220][784]LogModuleManager: Shutting down and abandoning module LightPropagationVolumeRuntime (252)
[2020.03.10-05.24.15:220][784]LogModuleManager: Shutting down and abandoning module Paper2D (250)
[2020.03.10-05.24.15:236][784]LogModuleManager: Shutting down and abandoning module WindowsMoviePlayer (248)
[2020.03.10-05.24.15:264][784]LogModuleManager: Shutting down and abandoning module WebMMoviePlayer (246)
[2020.03.10-05.24.15:302][784]LogModuleManager: Shutting down and abandoning module NetworkReplayStreaming (244)
[2020.03.10-05.24.15:302][784]LogModuleManager: Shutting down and abandoning module PacketHandler (242)
[2020.03.10-05.24.15:302][784]LogModuleManager: Shutting down and abandoning module ClothingSystemEditor (240)
[2020.03.10-05.24.15:302][784]LogModuleManager: Shutting down and abandoning module ClothingSystemRuntime (238)
[2020.03.10-05.24.15:333][784]LogModuleManager: Shutting down and abandoning module MediaAssets (236)
[2020.03.10-05.24.15:333][784]LogModuleManager: Shutting down and abandoning module Overlay (234)
[2020.03.10-05.24.15:333][784]LogModuleManager: Shutting down and abandoning module OverlayEditor (233)
[2020.03.10-05.24.15:333][784]LogModuleManager: Shutting down and abandoning module VREditor (230)
[2020.03.10-05.24.15:369][784]LogModuleManager: Shutting down and abandoning module StringTableEditor (228)
[2020.03.10-05.24.15:389][784]LogModuleManager: Shutting down and abandoning module GameplayTasksEditor (226)
[2020.03.10-05.24.15:389][784]LogModuleManager: Shutting down and abandoning module BehaviorTreeEditor (224)
[2020.03.10-05.24.15:474][784]LogModuleManager: Shutting down and abandoning module FunctionalTesting (222)
[2020.03.10-05.24.15:493][784]LogModuleManager: Shutting down and abandoning module CollisionAnalyzer (220)
[2020.03.10-05.24.15:577][784]LogModuleManager: Shutting down and abandoning module WorkspaceMenuStructure (219)
[2020.03.10-05.24.15:597][784]LogModuleManager: Shutting down and abandoning module UMG (216)
[2020.03.10-05.24.15:623][784]LogModuleManager: Shutting down and abandoning module UMGEditor (215)
[2020.03.10-05.24.15:661][784]LogModuleManager: Shutting down and abandoning module Sequencer (214)
[2020.03.10-05.24.15:843][784]LogModuleManager: Shutting down and abandoning module MessageLog (211)
[2020.03.10-05.24.15:861][784]LogModuleManager: Shutting down and abandoning module SlateReflector (206)
[2020.03.10-05.24.16:003][784]LogModuleManager: Shutting down and abandoning module Slate (204)
[2020.03.10-05.24.16:003][784]LogModuleManager: Shutting down and abandoning module LandscapeEditorUtilities (202)
[2020.03.10-05.24.16:003][784]LogModuleManager: Shutting down and abandoning module EditorStyle (200)
[2020.03.10-05.24.16:006][784]LogModuleManager: Shutting down and abandoning module UnrealEd (198)
[2020.03.10-05.24.16:020][784]LogModuleManager: Shutting down and abandoning module MRMesh (196)
[2020.03.10-05.24.16:020][784]LogModuleManager: Shutting down and abandoning module SourceCodeAccess (194)
[2020.03.10-05.24.16:020][784]LogModuleManager: Shutting down and abandoning module HeadMountedDisplay (192)
[2020.03.10-05.24.16:020][784]LogModuleManager: Shutting down and abandoning module XAudio2 (190)
[2020.03.10-05.24.16:020][784]LogModuleManager: Shutting down and abandoning module Networking (188)
[2020.03.10-05.24.16:020][784]LogModuleManager: Shutting down and abandoning module Core (186)
[2020.03.10-05.24.16:020][784]LogModuleManager: Shutting down and abandoning module KismetCompiler (184)
[2020.03.10-05.24.16:020][784]LogModuleManager: Shutting down and abandoning module MeshUtilities (182)
[2020.03.10-05.24.16:020][784]LogModuleManager: Shutting down and abandoning module MeshMergeUtilities (181)
[2020.03.10-05.24.16:058][784]LogModuleManager: Shutting down and abandoning module MeshReductionInterface (180)
[2020.03.10-05.24.16:058][784]LogModuleManager: Shutting down and abandoning module SkeletalMeshReduction (179)
[2020.03.10-05.24.16:094][784]LogModuleManager: Shutting down and abandoning module ProxyLODMeshReduction (177)
[2020.03.10-05.24.16:174][784]LogModuleManager: Shutting down and abandoning module QuadricMeshReduction (175)
[2020.03.10-05.24.16:191][784]LogModuleManager: Shutting down and abandoning module MaterialBaking (171)
[2020.03.10-05.24.16:196][784]LogModuleManager: Shutting down and abandoning module NullInstallBundleManager (166)
[2020.03.10-05.24.16:196][784]LogModuleManager: Shutting down and abandoning module DerivedDataCache (164)
[2020.03.10-05.24.16:229][784]LogDerivedDataCache: Shutdown
[2020.03.10-05.24.16:236][784]LogModuleManager: Shutting down and abandoning module XGEController (162)
[2020.03.10-05.24.16:236][784]LogXGEController: Cleaning working directory: C:/Users/Ethan Godwin/AppData/Local/Temp/UnrealXGEWorkingDir/
[2020.03.10-05.24.16:252][784]LogModuleManager: Shutting down and abandoning module TargetPlatform (160)
[2020.03.10-05.24.16:270][784]LogModuleManager: Shutting down and abandoning module VulkanShaderFormat (159)
[2020.03.10-05.24.16:292][784]LogModuleManager: Shutting down and abandoning module ShaderFormatVectorVM (157)
[2020.03.10-05.24.16:310][784]LogModuleManager: Shutting down and abandoning module ShaderFormatOpenGL (155)
[2020.03.10-05.24.16:320][784]LogModuleManager: Shutting down and abandoning module ShaderFormatD3D (153)
[2020.03.10-05.24.16:331][784]LogModuleManager: Shutting down and abandoning module MetalShaderFormat (151)
[2020.03.10-05.24.16:380][784]LogModuleManager: Shutting down and abandoning module TextureFormatUncompressed (149)
[2020.03.10-05.24.16:380][784]LogModuleManager: Shutting down and abandoning module TextureFormatPVR (147)
[2020.03.10-05.24.16:380][784]LogModuleManager: Shutting down and abandoning module TextureFormatDXT (145)
[2020.03.10-05.24.16:392][784]LogModuleManager: Shutting down and abandoning module TextureFormatIntelISPCTexComp (143)
[2020.03.10-05.24.16:408][784]LogModuleManager: Shutting down and abandoning module TextureFormatASTC (141)
[2020.03.10-05.24.16:408][784]LogModuleManager: Shutting down and abandoning module ImageWrapper (140)
[2020.03.10-05.24.16:408][784]LogModuleManager: Shutting down and abandoning module TextureFormatAndroid (137)
[2020.03.10-05.24.16:408][784]LogModuleManager: Shutting down and abandoning module AudioFormatOpus (135)
[2020.03.10-05.24.16:414][784]LogModuleManager: Shutting down and abandoning module AudioFormatOgg (133)
[2020.03.10-05.24.16:414][784]LogModuleManager: Shutting down and abandoning module AudioFormatADPCM (131)
[2020.03.10-05.24.16:414][784]LogModuleManager: Shutting down and abandoning module LuminTargetPlatform (129)
[2020.03.10-05.24.16:433][784]LogModuleManager: Shutting down and abandoning module LinuxTargetPlatform (127)
[2020.03.10-05.24.16:433][784]LogModuleManager: Shutting down and abandoning module LinuxServerTargetPlatform (125)
[2020.03.10-05.24.16:441][784]LogModuleManager: Shutting down and abandoning module LinuxNoEditorTargetPlatform (123)
[2020.03.10-05.24.16:457][784]LogModuleManager: Shutting down and abandoning module LinuxClientTargetPlatform (121)
[2020.03.10-05.24.16:468][784]LogModuleManager: Shutting down and abandoning module TVOSTargetPlatform (119)
[2020.03.10-05.24.16:469][784]LogModuleManager: Shutting down and abandoning module Messaging (117)
[2020.03.10-05.24.16:469][784]LogModuleManager: Shutting down and abandoning module IOSTargetPlatform (115)
[2020.03.10-05.24.16:470][784]LogModuleManager: Shutting down and abandoning module HTML5TargetPlatform (113)
[2020.03.10-05.24.16:470][784]LogModuleManager: Shutting down and abandoning module AndroidTargetPlatform (111)
[2020.03.10-05.24.16:478][784]LogModuleManager: Shutting down and abandoning module WindowsTargetPlatform (109)
[2020.03.10-05.24.16:478][784]LogModuleManager: Shutting down and abandoning module WindowsServerTargetPlatform (107)
[2020.03.10-05.24.16:478][784]LogModuleManager: Shutting down and abandoning module WindowsNoEditorTargetPlatform (105)
[2020.03.10-05.24.16:478][784]LogModuleManager: Shutting down and abandoning module WindowsClientTargetPlatform (103)
[2020.03.10-05.24.16:478][784]LogModuleManager: Shutting down and abandoning module MacTargetPlatform (101)
[2020.03.10-05.24.16:478][784]LogModuleManager: Shutting down and abandoning module MacServerTargetPlatform (99)
[2020.03.10-05.24.16:478][784]LogModuleManager: Shutting down and abandoning module MacNoEditorTargetPlatform (97)
[2020.03.10-05.24.16:478][784]LogModuleManager: Shutting down and abandoning module MacClientTargetPlatform (95)
[2020.03.10-05.24.16:478][784]LogModuleManager: Shutting down and abandoning module AllDesktopTargetPlatform (93)
[2020.03.10-05.24.16:478][784]LogModuleManager: Shutting down and abandoning module InputCore (90)
[2020.03.10-05.24.16:478][784]LogModuleManager: Shutting down and abandoning module Settings (88)
[2020.03.10-05.24.16:478][784]LogModuleManager: Shutting down and abandoning module DirectoryWatcher (86)
[2020.03.10-05.24.16:478][784]LogModuleManager: Shutting down and abandoning module PhysXCooking (84)
[2020.03.10-05.24.16:478][784]LogModuleManager: Shutting down and abandoning module WindowsPlatformFeatures (82)
[2020.03.10-05.24.16:478][784]LogModuleManager: Shutting down and abandoning module GameplayMediaEncoder (81)
[2020.03.10-05.24.16:489][784]LogModuleManager: Shutting down and abandoning module SteamVR (78)
[2020.03.10-05.24.16:505][784]LogHMD: Freeing OpenVRDLLHandle.
[2020.03.10-05.24.16:505][784]LogModuleManager: Shutting down and abandoning module OculusHMD (76)
[2020.03.10-05.24.16:559][784]LogModuleManager: Shutting down and abandoning module ExampleDeviceProfileSelector (74)
[2020.03.10-05.24.16:560][784]LogModuleManager: Shutting down and abandoning module LauncherChunkInstaller (72)
[2020.03.10-05.24.16:560][784]LogModuleManager: Shutting down and abandoning module OnlineBlueprintSupport (70)
[2020.03.10-05.24.16:560][784]LogModuleManager: Shutting down and abandoning module OnlineSubsystem (66)
[2020.03.10-05.24.16:692][784]LogModuleManager: Shutting down and abandoning module XMPP (61)
[2020.03.10-05.24.16:732][784]LogModuleManager: Shutting down and abandoning module WebSockets (60)
[2020.03.10-05.24.16:937][784]LogModuleManager: Shutting down and abandoning module HTTP (57)
[2020.03.10-05.24.16:937][784]LogHttp: Display: Http module shutting down, but needs to wait on 1 outstanding Http requests:
[2020.03.10-05.24.16:937][784]LogHttp: Display: 	verb=[POST] url=[https://datarouter.ol.epicgames.com/datarouter/api/v1/public/data?SessionID=%7BF365777C-4F7C-E0AE-4588-E1AF932F805A%7D&AppID=UEEditor.Rocket.Release&AppVersion=4.23.1-9631420%2B%2B%2BUE4%2BRelease-4.23&UserID=84b59a904b76e973803acb9044e342bb%7C2dbcee8253a94277b4a2b490e4b160bb%7C47cc3d67-0780-4708-912e-4e2f3a610e2f&AppEnvironment=datacollector-binary&UploadType=eteventstream] status=Processing
[2020.03.10-05.24.16:944][784]LogModuleManager: Shutting down and abandoning module SSL (56)
[2020.03.10-05.24.16:946][784]LogModuleManager: Shutting down and abandoning module WmfMedia (52)
[2020.03.10-05.24.16:986][784]LogModuleManager: Shutting down and abandoning module Media (51)
[2020.03.10-05.24.16:987][784]LogModuleManager: Shutting down and abandoning module MagicLeap (48)
[2020.03.10-05.24.17:012][784]LogModuleManager: Shutting down and abandoning module DatasmithContent (46)
[2020.03.10-05.24.17:013][784]LogModuleManager: Shutting down and abandoning module AISupportModule (44)
[2020.03.10-05.24.17:013][784]LogModuleManager: Shutting down and abandoning module PlatformCryptoOpenSSL (42)
[2020.03.10-05.24.17:036][784]LogModuleManager: Shutting down and abandoning module PlatformCrypto (40)
[2020.03.10-05.24.17:036][784]LogModuleManager: Shutting down and abandoning module AnimationModifiers (38)
[2020.03.10-05.24.17:071][784]LogModuleManager: Shutting down and abandoning module PropertyEditor (37)
[2020.03.10-05.24.17:262][784]LogModuleManager: Shutting down and abandoning module AudioEditor (34)
[2020.03.10-05.24.17:356][784]LogModuleManager: Shutting down and abandoning module TextureCompressor (32)
[2020.03.10-05.24.17:399][784]LogModuleManager: Shutting down and abandoning module RenderCore (30)
[2020.03.10-05.24.17:399][784]LogModuleManager: Shutting down and abandoning module Landscape (28)
[2020.03.10-05.24.17:399][784]LogModuleManager: Shutting down and abandoning module SlateRHIRenderer (26)
[2020.03.10-05.24.17:474][784]LogModuleManager: Shutting down and abandoning module OpenGLDrv (24)
[2020.03.10-05.24.17:535][784]LogModuleManager: Shutting down and abandoning module D3D11RHI (22)
[2020.03.10-05.24.17:535][784]LogModuleManager: Shutting down and abandoning module AnimGraphRuntime (20)
[2020.03.10-05.24.17:554][784]LogModuleManager: Shutting down and abandoning module Renderer (18)
[2020.03.10-05.24.17:589][784]LogModuleManager: Shutting down and abandoning module Engine (16)
[2020.03.10-05.24.17:589][784]LogModuleManager: Shutting down and abandoning module CoreUObject (14)
[2020.03.10-05.24.17:589][784]LogModuleManager: Shutting down and abandoning module NetworkFile (12)
[2020.03.10-05.24.17:613][784]LogModuleManager: Shutting down and abandoning module CookedIterativeFile (10)
[2020.03.10-05.24.17:613][784]LogModuleManager: Shutting down and abandoning module StreamingFile (8)
[2020.03.10-05.24.17:622][784]LogModuleManager: Shutting down and abandoning module SandboxFile (6)
[2020.03.10-05.24.17:622][784]LogModuleManager: Shutting down and abandoning module PakFile (4)
[2020.03.10-05.24.17:669][784]LogModuleManager: Shutting down and abandoning module RSA (3)
[2020.03.10-05.24.17:745][784]LogD3D11RHI: Shutdown
[2020.03.10-05.24.17:780][784]LogD3D11RHI: CleanupD3DDevice
[2020.03.10-05.24.17:909][784]LogRendererCore: FGlobalDynamicReadBuffer::Cleanup()
[2020.03.10-05.24.17:930][784]LogRendererCore: FGlobalDynamicReadBuffer::Cleanup()
[2020.03.10-05.24.17:930][784]LogRendererCore: FGlobalDynamicReadBuffer::Cleanup()
[2020.03.10-05.24.18:042][784]LogD3D11RHI: ~FD3D11DynamicRHI
[2020.03.10-05.24.18:095][784]LogExit: Exiting.
[2020.03.10-05.24.18:153][784]Log file closed, 03/10/20 01:24:18
